2018.04.20 19:19 B F:\Trabajo\Staminer\maqueta\css\bootstrap.min.css --> ftp.staminer.com /css bootstrap.min.css
2018.04.20 19:19 B F:\Trabajo\Staminer\maqueta\css\responsive.css --> ftp.staminer.com /css responsive.css
2018.04.20 19:29 B F:\Trabajo\Staminer\maqueta\css\bootstrap.min.css --> www.cocoa.pe /cocoa.pe/staminer/css bootstrap.min.css
2018.04.20 19:29 B F:\Trabajo\Staminer\maqueta\css\responsive.css --> www.cocoa.pe /cocoa.pe/staminer/css responsive.css
2018.04.20 19:29 B F:\Trabajo\Staminer\maqueta\css\WS_FTP.LOG --> www.cocoa.pe /cocoa.pe/staminer/css WS_FTP.LOG
2018.04.23 12:53 B F:\Trabajo\Staminer\maqueta\css\bootstrap.min.css --> www.cocoa.pe /cocoa.pe/staminer/css bootstrap.min.css
2018.04.23 12:53 B F:\Trabajo\Staminer\maqueta\css\responsive.css --> www.cocoa.pe /cocoa.pe/staminer/css responsive.css
2018.04.25 11:07 B F:\Trabajo\Staminer\maqueta\css\bootstrap.min.css --> ftp.staminer.com /css bootstrap.min.css
2018.04.25 11:07 B F:\Trabajo\Staminer\maqueta\css\responsive.css --> ftp.staminer.com /css responsive.css
2018.04.25 11:07 B F:\Trabajo\Staminer\maqueta\css\WS_FTP.LOG --> ftp.staminer.com /css WS_FTP.LOG
2018.05.02 12:18 B F:\Trabajo\Staminer\maqueta\css\responsive.css --> ftp.staminer.com /css responsive.css
2018.05.10 17:31 B F:\Trabajo\Staminer\maqueta\css\WS_FTP.LOG --> ftp.staminer.com /css WS_FTP.LOG
2018.05.24 14:14 B F:\Trabajo\Staminer\maqueta\css\bootstrap.min.css --> ftp.staminer.com /beta2/css bootstrap.min.css
2018.05.24 14:14 B F:\Trabajo\Staminer\maqueta\css\responsive.css --> ftp.staminer.com /beta2/css responsive.css
2018.05.24 14:14 B F:\Trabajo\Staminer\maqueta\css\WS_FTP.LOG --> ftp.staminer.com /beta2/css WS_FTP.LOG
2018.06.04 03:01 B F:\Trabajo\Staminer\maqueta\css\responsive.css --> ftp.staminer.com /beta2/css responsive.css
2018.06.04 03:02 B F:\Trabajo\Staminer\maqueta\css\bootstrap.min.css --> ftp.staminer.com /beta2/css bootstrap.min.css
2018.06.08 00:43 B F:\Trabajo\Staminer\maqueta\css\croppie.css --> ftp.staminer.com /beta2/css croppie.css
2018.06.08 00:43 B F:\Trabajo\Staminer\maqueta\css\responsive.css --> ftp.staminer.com /beta2/css responsive.css
2018.06.08 00:43 B F:\Trabajo\Staminer\maqueta\css\bootstrap.min.css --> ftp.staminer.com /beta2/css bootstrap.min.css
2018.06.08 01:51 B F:\Trabajo\Staminer\maqueta\css\croppie.css --> ftp.staminer.com /beta2/css croppie.css
2018.06.12 03:48 B F:\Trabajo\Staminer\maqueta\css\bootstrap.min.css <-- staminer /beta2/css bootstrap.min.css
2018.06.12 03:49 B F:\Trabajo\Staminer\maqueta\css\bootstrap.min.css --> ftp.staminer.com /beta2/css bootstrap.min.css
2018.06.12 03:49 B F:\Trabajo\Staminer\maqueta\css\croppie.css --> ftp.staminer.com /beta2/css croppie.css
2018.06.12 03:49 B F:\Trabajo\Staminer\maqueta\css\responsive.css --> ftp.staminer.com /beta2/css responsive.css
2018.07.04 18:23 B F:\Trabajo\Staminer\maqueta\css\bootstrap.min.css --> ftp.staminer.com /beta2/css bootstrap.min.css
2018.07.16 13:23 B F:\Trabajo\Staminer\maqueta\css\responsive.css --> www.cocoa.pe /cocoa.pe/staminer/css responsive.css
2018.07.16 13:23 B F:\Trabajo\Staminer\maqueta\css\bootstrap.min.css --> www.cocoa.pe /cocoa.pe/staminer/css bootstrap.min.css
2018.07.16 13:23 B F:\Trabajo\Staminer\maqueta\css\WS_FTP.LOG --> www.cocoa.pe /cocoa.pe/staminer/css WS_FTP.LOG
2018.07.16 15:47 B F:\Trabajo\Staminer\maqueta\css\responsive.css --> www.cocoa.pe /cocoa.pe/staminer/css responsive.css
2018.07.16 16:07 B F:\Trabajo\Staminer\maqueta\css\responsive.css --> www.cocoa.pe /cocoa.pe/staminer/css responsive.css
2018.07.16 17:10 B F:\Trabajo\Staminer\maqueta\css\responsive.css --> www.cocoa.pe /cocoa.pe/staminer/css responsive.css
2018.07.16 17:10 B F:\Trabajo\Staminer\maqueta\css\responsive.css --> www.cocoa.pe /cocoa.pe/staminer/css responsive.css
2018.07.17 13:48 B F:\Trabajo\Staminer\maqueta\css\bootstrap.min.css --> www.cocoa.pe /cocoa.pe/staminer/css bootstrap.min.css
2018.07.17 14:11 B F:\Trabajo\Staminer\maqueta\css\responsive.css --> www.cocoa.pe /cocoa.pe/staminer/css responsive.css
2018.07.17 14:19 B F:\Trabajo\Staminer\maqueta\css\responsive.css --> www.cocoa.pe /cocoa.pe/staminer/css responsive.css
2018.07.18 15:30 B F:\Trabajo\Staminer\maqueta\css\responsive.css --> www.cocoa.pe /cocoa.pe/staminer/css responsive.css
2018.07.20 15:43 B F:\Trabajo\Staminer\maqueta\css\responsive.css --> www.cocoa.pe /cocoa.pe/staminer/css responsive.css
