2018.04.20 19:20 B F:\Trabajo\Staminer\maqueta\images\alertas-01.svg --> ftp.staminer.com /images alertas-01.svg
2018.04.20 19:20 B F:\Trabajo\Staminer\maqueta\images\banner-sesion.jpg --> ftp.staminer.com /images banner-sesion.jpg
2018.04.20 19:20 B F:\Trabajo\Staminer\maqueta\images\bg-banner.jpg --> ftp.staminer.com /images bg-banner.jpg
2018.04.20 19:20 B F:\Trabajo\Staminer\maqueta\images\comunidad.jpg --> ftp.staminer.com /images comunidad.jpg
2018.04.20 19:20 B F:\Trabajo\Staminer\maqueta\images\config-01.svg --> ftp.staminer.com /images config-01.svg
2018.04.20 19:20 B F:\Trabajo\Staminer\maqueta\images\deportista.png --> ftp.staminer.com /images deportista.png
2018.04.20 19:20 B F:\Trabajo\Staminer\maqueta\images\foto-banner-perfil.jpg --> ftp.staminer.com /images foto-banner-perfil.jpg
2018.04.20 19:20 B F:\Trabajo\Staminer\maqueta\images\herramientas.jpg --> ftp.staminer.com /images herramientas.jpg
2018.04.20 19:20 B F:\Trabajo\Staminer\maqueta\images\logo-staminer-01.svg --> ftp.staminer.com /images logo-staminer-01.svg
2018.04.20 19:20 B F:\Trabajo\Staminer\maqueta\images\logo-staminer-blanco-01.svg --> ftp.staminer.com /images logo-staminer-blanco-01.svg
2018.04.20 19:20 B F:\Trabajo\Staminer\maqueta\images\logo-staminer-gris-01.svg --> ftp.staminer.com /images logo-staminer-gris-01.svg
2018.04.20 19:20 B F:\Trabajo\Staminer\maqueta\images\mensajes-01.svg --> ftp.staminer.com /images mensajes-01.svg
2018.04.20 19:20 B F:\Trabajo\Staminer\maqueta\images\perfil-foto.jpg --> ftp.staminer.com /images perfil-foto.jpg
2018.04.20 19:20 B F:\Trabajo\Staminer\maqueta\images\peru-flag.jpg --> ftp.staminer.com /images peru-flag.jpg
2018.04.20 19:20 B F:\Trabajo\Staminer\maqueta\images\play-btn-01.svg --> ftp.staminer.com /images play-btn-01.svg
2018.04.20 19:20 B F:\Trabajo\Staminer\maqueta\images\scroll-btn-01.svg --> ftp.staminer.com /images scroll-btn-01.svg
2018.04.20 19:29 B F:\Trabajo\Staminer\maqueta\images\alertas-01.svg --> www.cocoa.pe /cocoa.pe/staminer/images alertas-01.svg
2018.04.20 19:29 B F:\Trabajo\Staminer\maqueta\images\banner-sesion.jpg --> www.cocoa.pe /cocoa.pe/staminer/images banner-sesion.jpg
2018.04.20 19:29 B F:\Trabajo\Staminer\maqueta\images\bg-banner.jpg --> www.cocoa.pe /cocoa.pe/staminer/images bg-banner.jpg
2018.04.20 19:29 B F:\Trabajo\Staminer\maqueta\images\comunidad.jpg --> www.cocoa.pe /cocoa.pe/staminer/images comunidad.jpg
2018.04.20 19:29 B F:\Trabajo\Staminer\maqueta\images\config-01.svg --> www.cocoa.pe /cocoa.pe/staminer/images config-01.svg
2018.04.20 19:29 B F:\Trabajo\Staminer\maqueta\images\deportista.png --> www.cocoa.pe /cocoa.pe/staminer/images deportista.png
2018.04.20 19:29 B F:\Trabajo\Staminer\maqueta\images\foto-banner-perfil.jpg --> www.cocoa.pe /cocoa.pe/staminer/images foto-banner-perfil.jpg
2018.04.20 19:29 B F:\Trabajo\Staminer\maqueta\images\herramientas.jpg --> www.cocoa.pe /cocoa.pe/staminer/images herramientas.jpg
2018.04.20 19:29 B F:\Trabajo\Staminer\maqueta\images\logo-staminer-01.svg --> www.cocoa.pe /cocoa.pe/staminer/images logo-staminer-01.svg
2018.04.20 19:29 B F:\Trabajo\Staminer\maqueta\images\logo-staminer-blanco-01.svg --> www.cocoa.pe /cocoa.pe/staminer/images logo-staminer-blanco-01.svg
2018.04.20 19:29 B F:\Trabajo\Staminer\maqueta\images\logo-staminer-gris-01.svg --> www.cocoa.pe /cocoa.pe/staminer/images logo-staminer-gris-01.svg
2018.04.20 19:29 B F:\Trabajo\Staminer\maqueta\images\mensajes-01.svg --> www.cocoa.pe /cocoa.pe/staminer/images mensajes-01.svg
2018.04.20 19:29 B F:\Trabajo\Staminer\maqueta\images\perfil-foto.jpg --> www.cocoa.pe /cocoa.pe/staminer/images perfil-foto.jpg
2018.04.20 19:29 B F:\Trabajo\Staminer\maqueta\images\peru-flag.jpg --> www.cocoa.pe /cocoa.pe/staminer/images peru-flag.jpg
2018.04.20 19:29 B F:\Trabajo\Staminer\maqueta\images\play-btn-01.svg --> www.cocoa.pe /cocoa.pe/staminer/images play-btn-01.svg
2018.04.20 19:29 B F:\Trabajo\Staminer\maqueta\images\scroll-btn-01.svg --> www.cocoa.pe /cocoa.pe/staminer/images scroll-btn-01.svg
2018.04.20 19:29 B F:\Trabajo\Staminer\maqueta\images\WS_FTP.LOG --> www.cocoa.pe /cocoa.pe/staminer/images WS_FTP.LOG
2018.04.23 12:53 B F:\Trabajo\Staminer\maqueta\images\alertas-01.svg --> www.cocoa.pe /cocoa.pe/staminer/images alertas-01.svg
2018.04.23 12:53 B F:\Trabajo\Staminer\maqueta\images\banner-sesion.jpg --> www.cocoa.pe /cocoa.pe/staminer/images banner-sesion.jpg
2018.04.23 12:53 B F:\Trabajo\Staminer\maqueta\images\bg-banner.jpg --> www.cocoa.pe /cocoa.pe/staminer/images bg-banner.jpg
2018.04.23 12:53 B F:\Trabajo\Staminer\maqueta\images\comunidad.jpg --> www.cocoa.pe /cocoa.pe/staminer/images comunidad.jpg
2018.04.23 12:54 B F:\Trabajo\Staminer\maqueta\images\config-01.svg --> www.cocoa.pe /cocoa.pe/staminer/images config-01.svg
2018.04.23 12:54 B F:\Trabajo\Staminer\maqueta\images\deportista.png --> www.cocoa.pe /cocoa.pe/staminer/images deportista.png
2018.04.23 12:54 B F:\Trabajo\Staminer\maqueta\images\editar-01.svg --> www.cocoa.pe /cocoa.pe/staminer/images editar-01.svg
2018.04.23 12:54 B F:\Trabajo\Staminer\maqueta\images\facebook-01.svg --> www.cocoa.pe /cocoa.pe/staminer/images facebook-01.svg
2018.04.23 12:54 B F:\Trabajo\Staminer\maqueta\images\file-ico-01.svg --> www.cocoa.pe /cocoa.pe/staminer/images file-ico-01.svg
2018.04.23 12:54 B F:\Trabajo\Staminer\maqueta\images\foto-banner-perfil.jpg --> www.cocoa.pe /cocoa.pe/staminer/images foto-banner-perfil.jpg
2018.04.23 12:54 B F:\Trabajo\Staminer\maqueta\images\foto-publicacion-2.jpg --> www.cocoa.pe /cocoa.pe/staminer/images foto-publicacion-2.jpg
2018.04.23 12:54 B F:\Trabajo\Staminer\maqueta\images\foto-publicacion.jpg --> www.cocoa.pe /cocoa.pe/staminer/images foto-publicacion.jpg
2018.04.23 12:54 B F:\Trabajo\Staminer\maqueta\images\foto-thumb-1.jpg --> www.cocoa.pe /cocoa.pe/staminer/images foto-thumb-1.jpg
2018.04.23 12:54 B F:\Trabajo\Staminer\maqueta\images\foto-thumb-2.jpg --> www.cocoa.pe /cocoa.pe/staminer/images foto-thumb-2.jpg
2018.04.23 12:54 B F:\Trabajo\Staminer\maqueta\images\foto-thumb-3.jpg --> www.cocoa.pe /cocoa.pe/staminer/images foto-thumb-3.jpg
2018.04.23 12:54 B F:\Trabajo\Staminer\maqueta\images\foto-thumb-4.jpg --> www.cocoa.pe /cocoa.pe/staminer/images foto-thumb-4.jpg
2018.04.23 12:54 B F:\Trabajo\Staminer\maqueta\images\foto-thumb-5.jpg --> www.cocoa.pe /cocoa.pe/staminer/images foto-thumb-5.jpg
2018.04.23 12:54 B F:\Trabajo\Staminer\maqueta\images\foto-thumb-6.jpg --> www.cocoa.pe /cocoa.pe/staminer/images foto-thumb-6.jpg
2018.04.23 12:54 B F:\Trabajo\Staminer\maqueta\images\foto-thumb-7.jpg --> www.cocoa.pe /cocoa.pe/staminer/images foto-thumb-7.jpg
2018.04.23 12:54 B F:\Trabajo\Staminer\maqueta\images\foto-thumb-8.jpg --> www.cocoa.pe /cocoa.pe/staminer/images foto-thumb-8.jpg
2018.04.23 12:54 B F:\Trabajo\Staminer\maqueta\images\fotos-ico-01.svg --> www.cocoa.pe /cocoa.pe/staminer/images fotos-ico-01.svg
2018.04.23 12:54 B F:\Trabajo\Staminer\maqueta\images\herramientas.jpg --> www.cocoa.pe /cocoa.pe/staminer/images herramientas.jpg
2018.04.23 12:54 B F:\Trabajo\Staminer\maqueta\images\instagram-01.svg --> www.cocoa.pe /cocoa.pe/staminer/images instagram-01.svg
2018.04.23 12:54 B F:\Trabajo\Staminer\maqueta\images\location-ico-01.svg --> www.cocoa.pe /cocoa.pe/staminer/images location-ico-01.svg
2018.04.23 12:54 B F:\Trabajo\Staminer\maqueta\images\logo-staminer-01.svg --> www.cocoa.pe /cocoa.pe/staminer/images logo-staminer-01.svg
2018.04.23 12:54 B F:\Trabajo\Staminer\maqueta\images\logo-staminer-blanco-01.svg --> www.cocoa.pe /cocoa.pe/staminer/images logo-staminer-blanco-01.svg
2018.04.23 12:54 B F:\Trabajo\Staminer\maqueta\images\logo-staminer-gris-01.svg --> www.cocoa.pe /cocoa.pe/staminer/images logo-staminer-gris-01.svg
2018.04.23 12:54 B F:\Trabajo\Staminer\maqueta\images\logro-01.svg --> www.cocoa.pe /cocoa.pe/staminer/images logro-01.svg
2018.04.23 12:54 B F:\Trabajo\Staminer\maqueta\images\mensajes-01.svg --> www.cocoa.pe /cocoa.pe/staminer/images mensajes-01.svg
2018.04.23 12:54 B F:\Trabajo\Staminer\maqueta\images\monster.png --> www.cocoa.pe /cocoa.pe/staminer/images monster.png
2018.04.23 12:54 B F:\Trabajo\Staminer\maqueta\images\perfil-foto.jpg --> www.cocoa.pe /cocoa.pe/staminer/images perfil-foto.jpg
2018.04.23 12:54 B F:\Trabajo\Staminer\maqueta\images\peru-flag.jpg --> www.cocoa.pe /cocoa.pe/staminer/images peru-flag.jpg
2018.04.23 12:54 B F:\Trabajo\Staminer\maqueta\images\play-btn-01.svg --> www.cocoa.pe /cocoa.pe/staminer/images play-btn-01.svg
2018.04.23 12:54 B F:\Trabajo\Staminer\maqueta\images\play-ico.svg --> www.cocoa.pe /cocoa.pe/staminer/images play-ico.svg
2018.04.23 12:54 B F:\Trabajo\Staminer\maqueta\images\red-1.jpg --> www.cocoa.pe /cocoa.pe/staminer/images red-1.jpg
2018.04.23 12:54 B F:\Trabajo\Staminer\maqueta\images\red-2.jpg --> www.cocoa.pe /cocoa.pe/staminer/images red-2.jpg
2018.04.23 12:54 B F:\Trabajo\Staminer\maqueta\images\red-3.jpg --> www.cocoa.pe /cocoa.pe/staminer/images red-3.jpg
2018.04.23 12:54 B F:\Trabajo\Staminer\maqueta\images\red-4.jpg --> www.cocoa.pe /cocoa.pe/staminer/images red-4.jpg
2018.04.23 12:54 B F:\Trabajo\Staminer\maqueta\images\red-ico-01.svg --> www.cocoa.pe /cocoa.pe/staminer/images red-ico-01.svg
2018.04.23 12:54 B F:\Trabajo\Staminer\maqueta\images\scroll-btn-01.svg --> www.cocoa.pe /cocoa.pe/staminer/images scroll-btn-01.svg
2018.04.23 12:54 B F:\Trabajo\Staminer\maqueta\images\sex-h-01.svg --> www.cocoa.pe /cocoa.pe/staminer/images sex-h-01.svg
2018.04.23 12:54 B F:\Trabajo\Staminer\maqueta\images\sex-m-01.svg --> www.cocoa.pe /cocoa.pe/staminer/images sex-m-01.svg
2018.04.23 12:54 B F:\Trabajo\Staminer\maqueta\images\share-01.svg --> www.cocoa.pe /cocoa.pe/staminer/images share-01.svg
2018.04.23 12:54 B F:\Trabajo\Staminer\maqueta\images\shield-ico-01.svg --> www.cocoa.pe /cocoa.pe/staminer/images shield-ico-01.svg
2018.04.23 12:54 B F:\Trabajo\Staminer\maqueta\images\shieldplus-ico-01.svg --> www.cocoa.pe /cocoa.pe/staminer/images shieldplus-ico-01.svg
2018.04.23 12:54 B F:\Trabajo\Staminer\maqueta\images\sonax.png --> www.cocoa.pe /cocoa.pe/staminer/images sonax.png
2018.04.23 12:54 B F:\Trabajo\Staminer\maqueta\images\toyota.png --> www.cocoa.pe /cocoa.pe/staminer/images toyota.png
2018.04.23 12:54 B F:\Trabajo\Staminer\maqueta\images\twitter-01.svg --> www.cocoa.pe /cocoa.pe/staminer/images twitter-01.svg
2018.04.23 12:54 B F:\Trabajo\Staminer\maqueta\images\y.png --> www.cocoa.pe /cocoa.pe/staminer/images y.png
2018.04.24 04:22 B F:\Trabajo\Staminer\maqueta\images\perfil.html --> www.cocoa.pe /cocoa.pe/staminer perfil.html
2018.04.24 04:22 B F:\Trabajo\Staminer\maqueta\images\editar-01.svg --> www.cocoa.pe /cocoa.pe/staminer editar-01.svg
2018.04.24 04:22 B F:\Trabajo\Staminer\maqueta\images\facebook-01.svg --> www.cocoa.pe /cocoa.pe/staminer/images facebook-01.svg
2018.04.24 04:22 B F:\Trabajo\Staminer\maqueta\images\instagram-01.svg --> www.cocoa.pe /cocoa.pe/staminer/images instagram-01.svg
2018.04.24 04:22 B F:\Trabajo\Staminer\maqueta\images\twitter-01.svg --> www.cocoa.pe /cocoa.pe/staminer/images twitter-01.svg
2018.04.24 04:22 B F:\Trabajo\Staminer\maqueta\images\editar-01.svg --> www.cocoa.pe /cocoa.pe/staminer/images editar-01.svg
2018.04.24 04:22 B F:\Trabajo\Staminer\maqueta\images\logro-01.svg --> www.cocoa.pe /cocoa.pe/staminer/images logro-01.svg
2018.04.24 04:22 B F:\Trabajo\Staminer\maqueta\images\sex-h-01.svg --> www.cocoa.pe /cocoa.pe/staminer/images sex-h-01.svg
2018.04.24 04:22 B F:\Trabajo\Staminer\maqueta\images\sex-m-01.svg --> www.cocoa.pe /cocoa.pe/staminer/images sex-m-01.svg
2018.04.24 04:22 B F:\Trabajo\Staminer\maqueta\images\file-ico-01.svg --> www.cocoa.pe /cocoa.pe/staminer/images file-ico-01.svg
2018.04.24 04:22 B F:\Trabajo\Staminer\maqueta\images\location-ico-01.svg --> www.cocoa.pe /cocoa.pe/staminer/images location-ico-01.svg
2018.04.24 04:22 B F:\Trabajo\Staminer\maqueta\images\shield-ico-01.svg --> www.cocoa.pe /cocoa.pe/staminer/images shield-ico-01.svg
2018.04.24 04:22 B F:\Trabajo\Staminer\maqueta\images\shieldplus-ico-01.svg --> www.cocoa.pe /cocoa.pe/staminer/images shieldplus-ico-01.svg
2018.04.24 04:22 B F:\Trabajo\Staminer\maqueta\images\share-01.svg --> www.cocoa.pe /cocoa.pe/staminer/images share-01.svg
2018.04.24 04:22 B F:\Trabajo\Staminer\maqueta\images\fotos-ico-01.svg --> www.cocoa.pe /cocoa.pe/staminer/images fotos-ico-01.svg
2018.04.24 04:22 B F:\Trabajo\Staminer\maqueta\images\red-ico-01.svg --> www.cocoa.pe /cocoa.pe/staminer/images red-ico-01.svg
2018.04.24 04:22 B F:\Trabajo\Staminer\maqueta\images\play-ico.svg --> www.cocoa.pe /cocoa.pe/staminer/images play-ico.svg
2018.04.24 04:22 B F:\Trabajo\Staminer\maqueta\images\enviar-ico-01.svg --> www.cocoa.pe /cocoa.pe/staminer/images enviar-ico-01.svg
2018.04.24 04:22 B F:\Trabajo\Staminer\maqueta\images\escribir-ico-01.svg --> www.cocoa.pe /cocoa.pe/staminer/images escribir-ico-01.svg
2018.04.24 04:22 B F:\Trabajo\Staminer\maqueta\images\foto-ico-01.svg --> www.cocoa.pe /cocoa.pe/staminer/images foto-ico-01.svg
2018.04.24 04:22 B F:\Trabajo\Staminer\maqueta\images\logro-2-ico-01.svg --> www.cocoa.pe /cocoa.pe/staminer/images logro-2-ico-01.svg
2018.04.24 04:22 B F:\Trabajo\Staminer\maqueta\images\comment-ico-01.svg --> www.cocoa.pe /cocoa.pe/staminer/images comment-ico-01.svg
2018.04.24 04:22 B F:\Trabajo\Staminer\maqueta\images\like-ico-01.svg --> www.cocoa.pe /cocoa.pe/staminer/images like-ico-01.svg
2018.04.24 04:22 B F:\Trabajo\Staminer\maqueta\images\share-ico-01.svg --> www.cocoa.pe /cocoa.pe/staminer/images share-ico-01.svg
2018.04.24 04:22 B F:\Trabajo\Staminer\maqueta\images\view-ico-01.svg --> www.cocoa.pe /cocoa.pe/staminer/images view-ico-01.svg
2018.04.24 04:22 B F:\Trabajo\Staminer\maqueta\images\search-ico-01.svg --> www.cocoa.pe /cocoa.pe/staminer/images search-ico-01.svg
2018.04.25 11:07 B F:\Trabajo\Staminer\maqueta\images\alertas-01.svg --> ftp.staminer.com /images alertas-01.svg
2018.04.25 11:07 B F:\Trabajo\Staminer\maqueta\images\banner-sesion.jpg --> ftp.staminer.com /images banner-sesion.jpg
2018.04.25 11:07 B F:\Trabajo\Staminer\maqueta\images\bg-banner.jpg --> ftp.staminer.com /images bg-banner.jpg
2018.04.25 11:07 B F:\Trabajo\Staminer\maqueta\images\comment-ico-01.svg --> ftp.staminer.com /images comment-ico-01.svg
2018.04.25 11:07 B F:\Trabajo\Staminer\maqueta\images\comunidad.jpg --> ftp.staminer.com /images comunidad.jpg
2018.04.25 11:07 B F:\Trabajo\Staminer\maqueta\images\config-01.svg --> ftp.staminer.com /images config-01.svg
2018.04.25 11:07 B F:\Trabajo\Staminer\maqueta\images\deportista.png --> ftp.staminer.com /images deportista.png
2018.04.25 11:07 B F:\Trabajo\Staminer\maqueta\images\editar-01.svg --> ftp.staminer.com /images editar-01.svg
2018.04.25 11:07 B F:\Trabajo\Staminer\maqueta\images\enviar-ico-01.svg --> ftp.staminer.com /images enviar-ico-01.svg
2018.04.25 11:07 B F:\Trabajo\Staminer\maqueta\images\escribir-ico-01.svg --> ftp.staminer.com /images escribir-ico-01.svg
2018.04.25 11:07 B F:\Trabajo\Staminer\maqueta\images\facebook-01.svg --> ftp.staminer.com /images facebook-01.svg
2018.04.25 11:07 B F:\Trabajo\Staminer\maqueta\images\file-ico-01.svg --> ftp.staminer.com /images file-ico-01.svg
2018.04.25 11:07 B F:\Trabajo\Staminer\maqueta\images\foto-banner-perfil.jpg --> ftp.staminer.com /images foto-banner-perfil.jpg
2018.04.25 11:07 B F:\Trabajo\Staminer\maqueta\images\foto-ico-01.svg --> ftp.staminer.com /images foto-ico-01.svg
2018.04.25 11:07 B F:\Trabajo\Staminer\maqueta\images\foto-publicacion-2.jpg --> ftp.staminer.com /images foto-publicacion-2.jpg
2018.04.25 11:07 B F:\Trabajo\Staminer\maqueta\images\foto-publicacion.jpg --> ftp.staminer.com /images foto-publicacion.jpg
2018.04.25 11:07 B F:\Trabajo\Staminer\maqueta\images\foto-thumb-1.jpg --> ftp.staminer.com /images foto-thumb-1.jpg
2018.04.25 11:07 B F:\Trabajo\Staminer\maqueta\images\foto-thumb-2.jpg --> ftp.staminer.com /images foto-thumb-2.jpg
2018.04.25 11:07 B F:\Trabajo\Staminer\maqueta\images\foto-thumb-3.jpg --> ftp.staminer.com /images foto-thumb-3.jpg
2018.04.25 11:07 B F:\Trabajo\Staminer\maqueta\images\foto-thumb-4.jpg --> ftp.staminer.com /images foto-thumb-4.jpg
2018.04.25 11:07 B F:\Trabajo\Staminer\maqueta\images\foto-thumb-5.jpg --> ftp.staminer.com /images foto-thumb-5.jpg
2018.04.25 11:07 B F:\Trabajo\Staminer\maqueta\images\foto-thumb-6.jpg --> ftp.staminer.com /images foto-thumb-6.jpg
2018.04.25 11:07 B F:\Trabajo\Staminer\maqueta\images\foto-thumb-7.jpg --> ftp.staminer.com /images foto-thumb-7.jpg
2018.04.25 11:07 B F:\Trabajo\Staminer\maqueta\images\foto-thumb-8.jpg --> ftp.staminer.com /images foto-thumb-8.jpg
2018.04.25 11:07 B F:\Trabajo\Staminer\maqueta\images\fotos-ico-01.svg --> ftp.staminer.com /images fotos-ico-01.svg
2018.04.25 11:07 B F:\Trabajo\Staminer\maqueta\images\herramientas.jpg --> ftp.staminer.com /images herramientas.jpg
2018.04.25 11:07 B F:\Trabajo\Staminer\maqueta\images\instagram-01.svg --> ftp.staminer.com /images instagram-01.svg
2018.04.25 11:07 B F:\Trabajo\Staminer\maqueta\images\like-ico-01.svg --> ftp.staminer.com /images like-ico-01.svg
2018.04.25 11:07 B F:\Trabajo\Staminer\maqueta\images\location-ico-01.svg --> ftp.staminer.com /images location-ico-01.svg
2018.04.25 11:07 B F:\Trabajo\Staminer\maqueta\images\logo-staminer-01.svg --> ftp.staminer.com /images logo-staminer-01.svg
2018.04.25 11:07 B F:\Trabajo\Staminer\maqueta\images\logo-staminer-blanco-01.svg --> ftp.staminer.com /images logo-staminer-blanco-01.svg
2018.04.25 11:07 B F:\Trabajo\Staminer\maqueta\images\logo-staminer-gris-01.svg --> ftp.staminer.com /images logo-staminer-gris-01.svg
2018.04.25 11:07 B F:\Trabajo\Staminer\maqueta\images\logro-01.svg --> ftp.staminer.com /images logro-01.svg
2018.04.25 11:07 B F:\Trabajo\Staminer\maqueta\images\logro-2-ico-01.svg --> ftp.staminer.com /images logro-2-ico-01.svg
2018.04.25 11:07 B F:\Trabajo\Staminer\maqueta\images\mensajes-01.svg --> ftp.staminer.com /images mensajes-01.svg
2018.04.25 11:07 B F:\Trabajo\Staminer\maqueta\images\monster.png --> ftp.staminer.com /images monster.png
2018.04.25 11:07 B F:\Trabajo\Staminer\maqueta\images\perfil-foto.jpg --> ftp.staminer.com /images perfil-foto.jpg
2018.04.25 11:07 B F:\Trabajo\Staminer\maqueta\images\peru-flag.jpg --> ftp.staminer.com /images peru-flag.jpg
2018.04.25 11:07 B F:\Trabajo\Staminer\maqueta\images\play-btn-01.svg --> ftp.staminer.com /images play-btn-01.svg
2018.04.25 11:07 B F:\Trabajo\Staminer\maqueta\images\play-ico.svg --> ftp.staminer.com /images play-ico.svg
2018.04.25 11:07 B F:\Trabajo\Staminer\maqueta\images\red-1.jpg --> ftp.staminer.com /images red-1.jpg
2018.04.25 11:07 B F:\Trabajo\Staminer\maqueta\images\red-2.jpg --> ftp.staminer.com /images red-2.jpg
2018.04.25 11:07 B F:\Trabajo\Staminer\maqueta\images\red-3.jpg --> ftp.staminer.com /images red-3.jpg
2018.04.25 11:07 B F:\Trabajo\Staminer\maqueta\images\red-4.jpg --> ftp.staminer.com /images red-4.jpg
2018.04.25 11:07 B F:\Trabajo\Staminer\maqueta\images\red-ico-01.svg --> ftp.staminer.com /images red-ico-01.svg
2018.04.25 11:07 B F:\Trabajo\Staminer\maqueta\images\scroll-btn-01.svg --> ftp.staminer.com /images scroll-btn-01.svg
2018.04.25 11:07 B F:\Trabajo\Staminer\maqueta\images\search-ico-01.svg --> ftp.staminer.com /images search-ico-01.svg
2018.04.25 11:07 B F:\Trabajo\Staminer\maqueta\images\sex-h-01.svg --> ftp.staminer.com /images sex-h-01.svg
2018.04.25 11:07 B F:\Trabajo\Staminer\maqueta\images\sex-m-01.svg --> ftp.staminer.com /images sex-m-01.svg
2018.04.25 11:07 B F:\Trabajo\Staminer\maqueta\images\share-01.svg --> ftp.staminer.com /images share-01.svg
2018.04.25 11:07 B F:\Trabajo\Staminer\maqueta\images\share-ico-01.svg --> ftp.staminer.com /images share-ico-01.svg
2018.04.25 11:07 B F:\Trabajo\Staminer\maqueta\images\shield-ico-01.svg --> ftp.staminer.com /images shield-ico-01.svg
2018.04.25 11:07 B F:\Trabajo\Staminer\maqueta\images\shieldplus-ico-01.svg --> ftp.staminer.com /images shieldplus-ico-01.svg
2018.04.25 11:07 B F:\Trabajo\Staminer\maqueta\images\sonax.png --> ftp.staminer.com /images sonax.png
2018.04.25 11:07 B F:\Trabajo\Staminer\maqueta\images\toyota.png --> ftp.staminer.com /images toyota.png
2018.04.25 11:07 B F:\Trabajo\Staminer\maqueta\images\twitter-01.svg --> ftp.staminer.com /images twitter-01.svg
2018.04.25 11:07 B F:\Trabajo\Staminer\maqueta\images\view-ico-01.svg --> ftp.staminer.com /images view-ico-01.svg
2018.04.25 11:07 B F:\Trabajo\Staminer\maqueta\images\WS_FTP.LOG --> ftp.staminer.com /images WS_FTP.LOG
2018.04.25 11:07 B F:\Trabajo\Staminer\maqueta\images\y.png --> ftp.staminer.com /images y.png
2018.04.26 19:16 B F:\Trabajo\Staminer\maqueta\images\success-01.svg --> ftp.staminer.com /images success-01.svg
2018.04.26 19:16 B F:\Trabajo\Staminer\maqueta\images\registro.jpg --> ftp.staminer.com /images registro.jpg
2018.04.26 19:16 B F:\Trabajo\Staminer\maqueta\images\iniciar-sesion.jpg --> ftp.staminer.com /images iniciar-sesion.jpg
2018.05.02 12:19 B F:\Trabajo\Staminer\maqueta\images\foto-logro.jpg --> ftp.staminer.com /images foto-logro.jpg
2018.05.02 12:19 B F:\Trabajo\Staminer\maqueta\images\add-friend-ico-01.svg --> ftp.staminer.com /images add-friend-ico-01.svg
2018.05.02 12:19 B F:\Trabajo\Staminer\maqueta\images\plus-ico-01.svg --> ftp.staminer.com /images plus-ico-01.svg
2018.05.02 12:19 B F:\Trabajo\Staminer\maqueta\images\size-ico-01.svg --> ftp.staminer.com /images size-ico-01.svg
2018.05.02 12:19 B F:\Trabajo\Staminer\maqueta\images\trash-ico-01.svg --> ftp.staminer.com /images trash-ico-01.svg
2018.05.02 12:19 B F:\Trabajo\Staminer\maqueta\images\foto-banner-edit-01.svg --> ftp.staminer.com /images foto-banner-edit-01.svg
2018.05.02 12:19 B F:\Trabajo\Staminer\maqueta\images\bck-arrow-01.svg --> ftp.staminer.com /images bck-arrow-01.svg
2018.05.02 12:19 B F:\Trabajo\Staminer\maqueta\images\check-ico-01.svg --> ftp.staminer.com /images check-ico-01.svg
2018.05.02 12:19 B F:\Trabajo\Staminer\maqueta\images\entreamiento-ico-01.svg --> ftp.staminer.com /images entreamiento-ico-01.svg
2018.05.02 12:19 B F:\Trabajo\Staminer\maqueta\images\mencionar-ico-01.svg --> ftp.staminer.com /images mencionar-ico-01.svg
2018.05.02 12:19 B F:\Trabajo\Staminer\maqueta\images\logo-staminer-01.svg --> ftp.staminer.com /images logo-staminer-01.svg
2018.05.02 16:59 B F:\Trabajo\Staminer\maqueta\images\foto-logro.jpg --> ftp.staminer.com /images foto-logro.jpg
2018.05.02 16:59 B F:\Trabajo\Staminer\maqueta\images\rotar-ico-01.svg --> ftp.staminer.com /images rotar-ico-01.svg
2018.05.02 16:59 B F:\Trabajo\Staminer\maqueta\images\foto-logro-hz.jpg --> ftp.staminer.com /images foto-logro-hz.jpg
2018.05.10 17:31 B F:\Trabajo\Staminer\maqueta\images\drop-pin.svg --> ftp.staminer.com /images drop-pin.svg
2018.05.10 17:31 B F:\Trabajo\Staminer\maqueta\images\equis-icon-01.svg --> ftp.staminer.com /images equis-icon-01.svg
2018.05.10 17:31 B F:\Trabajo\Staminer\maqueta\images\foto-ico-01.svg --> ftp.staminer.com /images foto-ico-01.svg
2018.05.10 17:31 B F:\Trabajo\Staminer\maqueta\images\foto-publicacion-2.jpg --> ftp.staminer.com /images foto-publicacion-2.jpg
2018.05.10 17:31 B F:\Trabajo\Staminer\maqueta\images\foto-publicacion.jpg --> ftp.staminer.com /images foto-publicacion.jpg
2018.05.10 17:31 B F:\Trabajo\Staminer\maqueta\images\foto-thumb-2.jpg --> ftp.staminer.com /images foto-thumb-2.jpg
2018.05.10 17:31 B F:\Trabajo\Staminer\maqueta\images\foto-thumb-3.jpg --> ftp.staminer.com /images foto-thumb-3.jpg
2018.05.10 17:31 B F:\Trabajo\Staminer\maqueta\images\foto-thumb-4.jpg --> ftp.staminer.com /images foto-thumb-4.jpg
2018.05.10 17:31 B F:\Trabajo\Staminer\maqueta\images\foto-thumb-6.jpg --> ftp.staminer.com /images foto-thumb-6.jpg
2018.05.10 17:31 B F:\Trabajo\Staminer\maqueta\images\foto-thumb-7.jpg --> ftp.staminer.com /images foto-thumb-7.jpg
2018.05.10 17:31 B F:\Trabajo\Staminer\maqueta\images\foto-thumb-8.jpg --> ftp.staminer.com /images foto-thumb-8.jpg
2018.05.10 17:31 B F:\Trabajo\Staminer\maqueta\images\hide-icon-01.svg --> ftp.staminer.com /images hide-icon-01.svg
2018.05.10 17:31 B F:\Trabajo\Staminer\maqueta\images\lock-ico-01.svg --> ftp.staminer.com /images lock-ico-01.svg
2018.05.10 17:31 B F:\Trabajo\Staminer\maqueta\images\mired-ico-01.svg --> ftp.staminer.com /images mired-ico-01.svg
2018.05.10 17:31 B F:\Trabajo\Staminer\maqueta\images\perfil-foto.jpg --> ftp.staminer.com /images perfil-foto.jpg
2018.05.10 17:31 B F:\Trabajo\Staminer\maqueta\images\red-ico-01.svg --> ftp.staminer.com /images red-ico-01.svg
2018.05.10 17:31 B F:\Trabajo\Staminer\maqueta\images\view-icon-02.svg --> ftp.staminer.com /images view-icon-02.svg
2018.05.10 17:31 B F:\Trabajo\Staminer\maqueta\images\world-ico-01.svg --> ftp.staminer.com /images world-ico-01.svg
2018.05.10 17:31 B F:\Trabajo\Staminer\maqueta\images\WS_FTP.LOG --> ftp.staminer.com /images WS_FTP.LOG
2018.05.24 14:14 B F:\Trabajo\Staminer\maqueta\images\add-friend-ico-01.svg --> ftp.staminer.com /beta2/images add-friend-ico-01.svg
2018.05.24 14:14 B F:\Trabajo\Staminer\maqueta\images\alertas-01.svg --> ftp.staminer.com /beta2/images alertas-01.svg
2018.05.24 14:14 B F:\Trabajo\Staminer\maqueta\images\banner-sesion.jpg --> ftp.staminer.com /beta2/images banner-sesion.jpg
2018.05.24 14:15 B F:\Trabajo\Staminer\maqueta\images\bck-arrow-01.svg --> ftp.staminer.com /beta2/images bck-arrow-01.svg
2018.05.24 14:15 B F:\Trabajo\Staminer\maqueta\images\bg-banner.jpg --> ftp.staminer.com /beta2/images bg-banner.jpg
2018.05.24 14:15 B F:\Trabajo\Staminer\maqueta\images\check-ico-01.svg --> ftp.staminer.com /beta2/images check-ico-01.svg
2018.05.24 14:15 B F:\Trabajo\Staminer\maqueta\images\comment-ico-01.svg --> ftp.staminer.com /beta2/images comment-ico-01.svg
2018.05.24 14:15 B F:\Trabajo\Staminer\maqueta\images\comunidad.jpg --> ftp.staminer.com /beta2/images comunidad.jpg
2018.05.24 14:15 B F:\Trabajo\Staminer\maqueta\images\config-01.svg --> ftp.staminer.com /beta2/images config-01.svg
2018.05.24 14:15 B F:\Trabajo\Staminer\maqueta\images\deportista.png --> ftp.staminer.com /beta2/images deportista.png
2018.05.24 14:15 B F:\Trabajo\Staminer\maqueta\images\drop-pin-2-01.svg --> ftp.staminer.com /beta2/images drop-pin-2-01.svg
2018.05.24 14:15 B F:\Trabajo\Staminer\maqueta\images\drop-pin.svg --> ftp.staminer.com /beta2/images drop-pin.svg
2018.05.24 14:15 B F:\Trabajo\Staminer\maqueta\images\editar-01.svg --> ftp.staminer.com /beta2/images editar-01.svg
2018.05.24 14:15 B F:\Trabajo\Staminer\maqueta\images\entreamiento-ico-01.svg --> ftp.staminer.com /beta2/images entreamiento-ico-01.svg
2018.05.24 14:15 B F:\Trabajo\Staminer\maqueta\images\enviar-ico-01.svg --> ftp.staminer.com /beta2/images enviar-ico-01.svg
2018.05.24 14:15 B F:\Trabajo\Staminer\maqueta\images\equis-icon-01.svg --> ftp.staminer.com /beta2/images equis-icon-01.svg
2018.05.24 14:15 B F:\Trabajo\Staminer\maqueta\images\escribir-ico-01.svg --> ftp.staminer.com /beta2/images escribir-ico-01.svg
2018.05.24 14:15 B F:\Trabajo\Staminer\maqueta\images\facebook-01.svg --> ftp.staminer.com /beta2/images facebook-01.svg
2018.05.24 14:15 B F:\Trabajo\Staminer\maqueta\images\file-ico-01.svg --> ftp.staminer.com /beta2/images file-ico-01.svg
2018.05.24 14:15 B F:\Trabajo\Staminer\maqueta\images\foto-banner-edit-01.svg --> ftp.staminer.com /beta2/images foto-banner-edit-01.svg
2018.05.24 14:15 B F:\Trabajo\Staminer\maqueta\images\foto-banner-perfil.jpg --> ftp.staminer.com /beta2/images foto-banner-perfil.jpg
2018.05.24 14:15 B F:\Trabajo\Staminer\maqueta\images\foto-ico-01.svg --> ftp.staminer.com /beta2/images foto-ico-01.svg
2018.05.24 14:15 B F:\Trabajo\Staminer\maqueta\images\foto-logro-hz.jpg --> ftp.staminer.com /beta2/images foto-logro-hz.jpg
2018.05.24 14:15 B F:\Trabajo\Staminer\maqueta\images\foto-logro.jpg --> ftp.staminer.com /beta2/images foto-logro.jpg
2018.05.24 14:15 B F:\Trabajo\Staminer\maqueta\images\foto-publicacion-2.jpg --> ftp.staminer.com /beta2/images foto-publicacion-2.jpg
2018.05.24 14:15 B F:\Trabajo\Staminer\maqueta\images\foto-publicacion.jpg --> ftp.staminer.com /beta2/images foto-publicacion.jpg
2018.05.24 14:15 B F:\Trabajo\Staminer\maqueta\images\foto-thumb-1.jpg --> ftp.staminer.com /beta2/images foto-thumb-1.jpg
2018.05.24 14:15 B F:\Trabajo\Staminer\maqueta\images\foto-thumb-2.jpg --> ftp.staminer.com /beta2/images foto-thumb-2.jpg
2018.05.24 14:15 B F:\Trabajo\Staminer\maqueta\images\foto-thumb-3.jpg --> ftp.staminer.com /beta2/images foto-thumb-3.jpg
2018.05.24 14:15 B F:\Trabajo\Staminer\maqueta\images\foto-thumb-4.jpg --> ftp.staminer.com /beta2/images foto-thumb-4.jpg
2018.05.24 14:15 B F:\Trabajo\Staminer\maqueta\images\foto-thumb-5.jpg --> ftp.staminer.com /beta2/images foto-thumb-5.jpg
2018.05.24 14:15 B F:\Trabajo\Staminer\maqueta\images\foto-thumb-6.jpg --> ftp.staminer.com /beta2/images foto-thumb-6.jpg
2018.05.24 14:15 B F:\Trabajo\Staminer\maqueta\images\foto-thumb-7.jpg --> ftp.staminer.com /beta2/images foto-thumb-7.jpg
2018.05.24 14:15 B F:\Trabajo\Staminer\maqueta\images\foto-thumb-8.jpg --> ftp.staminer.com /beta2/images foto-thumb-8.jpg
2018.05.24 14:15 B F:\Trabajo\Staminer\maqueta\images\fotos-ico-01.svg --> ftp.staminer.com /beta2/images fotos-ico-01.svg
2018.05.24 14:15 B F:\Trabajo\Staminer\maqueta\images\herramientas.jpg --> ftp.staminer.com /beta2/images herramientas.jpg
2018.05.24 14:15 B F:\Trabajo\Staminer\maqueta\images\hide-icon-01.svg --> ftp.staminer.com /beta2/images hide-icon-01.svg
2018.05.24 14:15 B F:\Trabajo\Staminer\maqueta\images\iniciar-sesion.jpg --> ftp.staminer.com /beta2/images iniciar-sesion.jpg
2018.05.24 14:15 B F:\Trabajo\Staminer\maqueta\images\instagram-01.svg --> ftp.staminer.com /beta2/images instagram-01.svg
2018.05.24 14:15 B F:\Trabajo\Staminer\maqueta\images\like-ico-01.svg --> ftp.staminer.com /beta2/images like-ico-01.svg
2018.05.24 14:15 B F:\Trabajo\Staminer\maqueta\images\location-ico-01.svg --> ftp.staminer.com /beta2/images location-ico-01.svg
2018.05.24 14:15 B F:\Trabajo\Staminer\maqueta\images\lock-ico-01.svg --> ftp.staminer.com /beta2/images lock-ico-01.svg
2018.05.24 14:15 B F:\Trabajo\Staminer\maqueta\images\logo-staminer-01.svg --> ftp.staminer.com /beta2/images logo-staminer-01.svg
2018.05.24 14:15 B F:\Trabajo\Staminer\maqueta\images\logo-staminer-blanco-01.svg --> ftp.staminer.com /beta2/images logo-staminer-blanco-01.svg
2018.05.24 14:15 B F:\Trabajo\Staminer\maqueta\images\logo-staminer-gris-01.svg --> ftp.staminer.com /beta2/images logo-staminer-gris-01.svg
2018.05.24 14:15 B F:\Trabajo\Staminer\maqueta\images\logro-01.svg --> ftp.staminer.com /beta2/images logro-01.svg
2018.05.24 14:15 B F:\Trabajo\Staminer\maqueta\images\logro-2-ico-01.svg --> ftp.staminer.com /beta2/images logro-2-ico-01.svg
2018.05.24 14:15 B F:\Trabajo\Staminer\maqueta\images\mencionar-ico-01.svg --> ftp.staminer.com /beta2/images mencionar-ico-01.svg
2018.05.24 14:15 B F:\Trabajo\Staminer\maqueta\images\mensajes-01.svg --> ftp.staminer.com /beta2/images mensajes-01.svg
2018.05.24 14:15 B F:\Trabajo\Staminer\maqueta\images\mired-ico-01.svg --> ftp.staminer.com /beta2/images mired-ico-01.svg
2018.05.24 14:15 B F:\Trabajo\Staminer\maqueta\images\monster.png --> ftp.staminer.com /beta2/images monster.png
2018.05.24 14:15 B F:\Trabajo\Staminer\maqueta\images\perfil-foto.jpg --> ftp.staminer.com /beta2/images perfil-foto.jpg
2018.05.24 14:15 B F:\Trabajo\Staminer\maqueta\images\peru-flag.jpg --> ftp.staminer.com /beta2/images peru-flag.jpg
2018.05.24 14:15 B F:\Trabajo\Staminer\maqueta\images\play-btn-01.svg --> ftp.staminer.com /beta2/images play-btn-01.svg
2018.05.24 14:15 B F:\Trabajo\Staminer\maqueta\images\play-ico.svg --> ftp.staminer.com /beta2/images play-ico.svg
2018.05.24 14:15 B F:\Trabajo\Staminer\maqueta\images\plus-ico-01.svg --> ftp.staminer.com /beta2/images plus-ico-01.svg
2018.05.24 14:15 B F:\Trabajo\Staminer\maqueta\images\red-1.jpg --> ftp.staminer.com /beta2/images red-1.jpg
2018.05.24 14:15 B F:\Trabajo\Staminer\maqueta\images\red-2.jpg --> ftp.staminer.com /beta2/images red-2.jpg
2018.05.24 14:15 B F:\Trabajo\Staminer\maqueta\images\red-3.jpg --> ftp.staminer.com /beta2/images red-3.jpg
2018.05.24 14:15 B F:\Trabajo\Staminer\maqueta\images\red-4.jpg --> ftp.staminer.com /beta2/images red-4.jpg
2018.05.24 14:15 B F:\Trabajo\Staminer\maqueta\images\red-ico-01.svg --> ftp.staminer.com /beta2/images red-ico-01.svg
2018.05.24 14:15 B F:\Trabajo\Staminer\maqueta\images\registro.jpg --> ftp.staminer.com /beta2/images registro.jpg
2018.05.24 14:15 B F:\Trabajo\Staminer\maqueta\images\rotar-ico-01.svg --> ftp.staminer.com /beta2/images rotar-ico-01.svg
2018.05.24 14:15 B F:\Trabajo\Staminer\maqueta\images\scroll-btn-01.svg --> ftp.staminer.com /beta2/images scroll-btn-01.svg
2018.05.24 14:15 B F:\Trabajo\Staminer\maqueta\images\search-ico-01.svg --> ftp.staminer.com /beta2/images search-ico-01.svg
2018.05.24 14:15 B F:\Trabajo\Staminer\maqueta\images\sex-h-01.svg --> ftp.staminer.com /beta2/images sex-h-01.svg
2018.05.24 14:15 B F:\Trabajo\Staminer\maqueta\images\sex-m-01.svg --> ftp.staminer.com /beta2/images sex-m-01.svg
2018.05.24 14:15 B F:\Trabajo\Staminer\maqueta\images\share-01.svg --> ftp.staminer.com /beta2/images share-01.svg
2018.05.24 14:15 B F:\Trabajo\Staminer\maqueta\images\share-ico-01.svg --> ftp.staminer.com /beta2/images share-ico-01.svg
2018.05.24 14:15 B F:\Trabajo\Staminer\maqueta\images\shield-ico-01.svg --> ftp.staminer.com /beta2/images shield-ico-01.svg
2018.05.24 14:15 B F:\Trabajo\Staminer\maqueta\images\shieldplus-ico-01.svg --> ftp.staminer.com /beta2/images shieldplus-ico-01.svg
2018.05.24 14:15 B F:\Trabajo\Staminer\maqueta\images\size-ico-01.svg --> ftp.staminer.com /beta2/images size-ico-01.svg
2018.05.24 14:15 B F:\Trabajo\Staminer\maqueta\images\sonax.png --> ftp.staminer.com /beta2/images sonax.png
2018.05.24 14:15 B F:\Trabajo\Staminer\maqueta\images\success-01.svg --> ftp.staminer.com /beta2/images success-01.svg
2018.05.24 14:15 B F:\Trabajo\Staminer\maqueta\images\toyota.png --> ftp.staminer.com /beta2/images toyota.png
2018.05.24 14:15 B F:\Trabajo\Staminer\maqueta\images\trash-ico-01.svg --> ftp.staminer.com /beta2/images trash-ico-01.svg
2018.05.24 14:16 B F:\Trabajo\Staminer\maqueta\images\twitter-01.svg --> ftp.staminer.com /beta2/images twitter-01.svg
2018.05.24 14:16 B F:\Trabajo\Staminer\maqueta\images\view-ico-01.svg --> ftp.staminer.com /beta2/images view-ico-01.svg
2018.05.24 14:16 B F:\Trabajo\Staminer\maqueta\images\view-icon-02.svg --> ftp.staminer.com /beta2/images view-icon-02.svg
2018.05.24 14:16 B F:\Trabajo\Staminer\maqueta\images\world-ico-01.svg --> ftp.staminer.com /beta2/images world-ico-01.svg
2018.05.24 14:16 B F:\Trabajo\Staminer\maqueta\images\WS_FTP.LOG --> ftp.staminer.com /beta2/images WS_FTP.LOG
2018.05.24 14:16 B F:\Trabajo\Staminer\maqueta\images\y.png --> ftp.staminer.com /beta2/images y.png
2018.05.28 16:47 B F:\Trabajo\Staminer\maqueta\images\foto-logro.jpg --> ftp.staminer.com /beta2/images foto-logro.jpg
2018.05.28 16:47 B F:\Trabajo\Staminer\maqueta\images\foto-banner-edit-01.svg --> ftp.staminer.com /beta2/images foto-banner-edit-01.svg
2018.05.28 16:47 B F:\Trabajo\Staminer\maqueta\images\drop-pin-2-01.svg --> ftp.staminer.com /beta2/images drop-pin-2-01.svg
2018.05.28 16:47 B F:\Trabajo\Staminer\maqueta\images\drop-pin.svg --> ftp.staminer.com /beta2/images drop-pin.svg
2018.06.04 03:02 B F:\Trabajo\Staminer\maqueta\images\deporitsta-solicitud.jpg --> ftp.staminer.com /beta2/images deporitsta-solicitud.jpg
2018.06.04 03:02 B F:\Trabajo\Staminer\maqueta\images\iniciar-sesion.jpg --> ftp.staminer.com /beta2/images iniciar-sesion.jpg
2018.06.04 03:02 B F:\Trabajo\Staminer\maqueta\images\registro.jpg --> ftp.staminer.com /beta2/images registro.jpg
2018.06.08 00:44 B F:\Trabajo\Staminer\maqueta\images\foto-banner-perfil.jpg --> ftp.staminer.com /beta2/images foto-banner-perfil.jpg
2018.06.08 00:44 B F:\Trabajo\Staminer\maqueta\images\portada-shadow.png --> ftp.staminer.com /beta2/images portada-shadow.png
2018.06.08 00:44 B F:\Trabajo\Staminer\maqueta\images\logo-staminer-01.svg --> ftp.staminer.com /beta2/images logo-staminer-01.svg
2018.06.08 00:44 B F:\Trabajo\Staminer\maqueta\images\logo-staminer-gris-01.svg --> ftp.staminer.com /beta2/images logo-staminer-gris-01.svg
2018.06.08 00:54 B F:\Trabajo\Staminer\maqueta\images\rotar-ico-01.svg --> ftp.staminer.com /beta2/images rotar-ico-01.svg
2018.06.08 00:54 B F:\Trabajo\Staminer\maqueta\images\play-ico.svg --> ftp.staminer.com /beta2/images play-ico.svg
2018.06.08 00:54 B F:\Trabajo\Staminer\maqueta\images\logro-01.svg --> ftp.staminer.com /beta2/images logro-01.svg
2018.06.08 00:54 B F:\Trabajo\Staminer\maqueta\images\like-ico-01.svg --> ftp.staminer.com /beta2/images like-ico-01.svg
2018.06.08 00:54 B F:\Trabajo\Staminer\maqueta\images\comment-ico-01.svg --> ftp.staminer.com /beta2/images comment-ico-01.svg
2018.06.08 00:54 B F:\Trabajo\Staminer\maqueta\images\share-ico-01.svg --> ftp.staminer.com /beta2/images share-ico-01.svg
2018.06.08 00:54 B F:\Trabajo\Staminer\maqueta\images\share-01.svg --> ftp.staminer.com /beta2/images share-01.svg
2018.06.08 00:54 B F:\Trabajo\Staminer\maqueta\images\red-ico-01.svg --> ftp.staminer.com /beta2/images red-ico-01.svg
2018.06.08 00:54 B F:\Trabajo\Staminer\maqueta\images\sex-m-01.svg --> ftp.staminer.com /beta2/images sex-m-01.svg
2018.06.08 00:54 B F:\Trabajo\Staminer\maqueta\images\sex-h-01.svg --> ftp.staminer.com /beta2/images sex-h-01.svg
2018.06.08 00:54 B F:\Trabajo\Staminer\maqueta\images\fotos-ico-01.svg --> ftp.staminer.com /beta2/images fotos-ico-01.svg
2018.06.08 00:54 B F:\Trabajo\Staminer\maqueta\images\enviar-ico-01.svg --> ftp.staminer.com /beta2/images enviar-ico-01.svg
2018.06.08 00:54 B F:\Trabajo\Staminer\maqueta\images\amigos-ico-01.svg --> ftp.staminer.com /beta2/images amigos-ico-01.svg
2018.06.08 00:54 B F:\Trabajo\Staminer\maqueta\images\lock-ico-01.svg --> ftp.staminer.com /beta2/images lock-ico-01.svg
2018.06.08 00:54 B F:\Trabajo\Staminer\maqueta\images\foto-ico-01.svg --> ftp.staminer.com /beta2/images foto-ico-01.svg
2018.06.08 00:54 B F:\Trabajo\Staminer\maqueta\images\world-ico-01.svg --> ftp.staminer.com /beta2/images world-ico-01.svg
2018.06.08 00:54 B F:\Trabajo\Staminer\maqueta\images\editar-01.svg --> ftp.staminer.com /beta2/images editar-01.svg
2018.06.08 00:54 B F:\Trabajo\Staminer\maqueta\images\shieldplus-ico-01.svg --> ftp.staminer.com /beta2/images shieldplus-ico-01.svg
2018.06.08 00:54 B F:\Trabajo\Staminer\maqueta\images\location-ico-01.svg --> ftp.staminer.com /beta2/images location-ico-01.svg
2018.06.08 00:54 B F:\Trabajo\Staminer\maqueta\images\shield-ico-01.svg --> ftp.staminer.com /beta2/images shield-ico-01.svg
2018.06.08 00:54 B F:\Trabajo\Staminer\maqueta\images\file-ico-01.svg --> ftp.staminer.com /beta2/images file-ico-01.svg
2018.06.08 00:54 B F:\Trabajo\Staminer\maqueta\images\search-ico-01.svg --> ftp.staminer.com /beta2/images search-ico-01.svg
2018.06.08 00:54 B F:\Trabajo\Staminer\maqueta\images\alertas-01.svg --> ftp.staminer.com /beta2/images alertas-01.svg
2018.06.08 00:54 B F:\Trabajo\Staminer\maqueta\images\mensajes-01.svg --> ftp.staminer.com /beta2/images mensajes-01.svg
2018.06.08 00:54 B F:\Trabajo\Staminer\maqueta\images\config-01.svg --> ftp.staminer.com /beta2/images config-01.svg
2018.06.08 00:55 B F:\Trabajo\Staminer\maqueta\images\deporitsta-solicitud.jpg --> ftp.staminer.com /beta2/images deporitsta-solicitud.jpg
2018.06.08 00:55 B F:\Trabajo\Staminer\maqueta\images\iniciar-sesion.jpg --> ftp.staminer.com /beta2/images iniciar-sesion.jpg
2018.06.08 00:55 B F:\Trabajo\Staminer\maqueta\images\registro.jpg --> ftp.staminer.com /beta2/images registro.jpg
2018.06.08 00:55 B F:\Trabajo\Staminer\maqueta\images\foto-logro.jpg --> ftp.staminer.com /beta2/images foto-logro.jpg
2018.06.08 00:55 B F:\Trabajo\Staminer\maqueta\images\drop-pin-2-01.svg --> ftp.staminer.com /beta2/images drop-pin-2-01.svg
2018.06.08 00:55 B F:\Trabajo\Staminer\maqueta\images\drop-pin.svg --> ftp.staminer.com /beta2/images drop-pin.svg
2018.06.08 00:55 B F:\Trabajo\Staminer\maqueta\images\hide-icon-01.svg --> ftp.staminer.com /beta2/images hide-icon-01.svg
2018.06.08 00:55 B F:\Trabajo\Staminer\maqueta\images\view-icon-02.svg --> ftp.staminer.com /beta2/images view-icon-02.svg
2018.06.08 00:55 B F:\Trabajo\Staminer\maqueta\images\equis-icon-01.svg --> ftp.staminer.com /beta2/images equis-icon-01.svg
2018.06.08 01:46 B F:\Trabajo\Staminer\maqueta\images\perfil-foto.jpg --> ftp.staminer.com /images perfil-foto.jpg
2018.06.08 01:49 B F:\Trabajo\Staminer\maqueta\images\perfil-foto.jpg --> ftp.staminer.com /beta2/images perfil-foto.jpg
2018.06.12 03:50 B F:\Trabajo\Staminer\maqueta\images\add-friend-ico-01.svg --> ftp.staminer.com /beta2/images add-friend-ico-01.svg
2018.06.12 03:50 B F:\Trabajo\Staminer\maqueta\images\agregar-foto-01.svg --> ftp.staminer.com /beta2/images agregar-foto-01.svg
2018.06.12 03:50 B F:\Trabajo\Staminer\maqueta\images\alertas-01.svg --> ftp.staminer.com /beta2/images alertas-01.svg
2018.06.12 03:50 B F:\Trabajo\Staminer\maqueta\images\amigos-ico-01.svg --> ftp.staminer.com /beta2/images amigos-ico-01.svg
2018.06.12 03:50 B F:\Trabajo\Staminer\maqueta\images\banner-sesion.jpg --> ftp.staminer.com /beta2/images banner-sesion.jpg
2018.06.12 03:50 B F:\Trabajo\Staminer\maqueta\images\bg-banner.jpg --> ftp.staminer.com /beta2/images bg-banner.jpg
2018.06.12 03:50 B F:\Trabajo\Staminer\maqueta\images\check-ico-01.svg --> ftp.staminer.com /beta2/images check-ico-01.svg
2018.06.12 03:50 B F:\Trabajo\Staminer\maqueta\images\close-ico-01.svg --> ftp.staminer.com /beta2/images close-ico-01.svg
2018.06.12 03:50 B F:\Trabajo\Staminer\maqueta\images\comment-ico-01.svg --> ftp.staminer.com /beta2/images comment-ico-01.svg
2018.06.12 03:50 B F:\Trabajo\Staminer\maqueta\images\comunidad.jpg --> ftp.staminer.com /beta2/images comunidad.jpg
2018.06.12 03:50 B F:\Trabajo\Staminer\maqueta\images\config-01.svg --> ftp.staminer.com /beta2/images config-01.svg
2018.06.12 03:50 B F:\Trabajo\Staminer\maqueta\images\cross-ico-01.svg --> ftp.staminer.com /beta2/images cross-ico-01.svg
2018.06.12 03:50 B F:\Trabajo\Staminer\maqueta\images\del-friend-ico-01.svg --> ftp.staminer.com /beta2/images del-friend-ico-01.svg
2018.06.12 03:50 B F:\Trabajo\Staminer\maqueta\images\deporitsta-solicitud.jpg --> ftp.staminer.com /beta2/images deporitsta-solicitud.jpg
2018.06.12 03:50 B F:\Trabajo\Staminer\maqueta\images\deportista.png --> ftp.staminer.com /beta2/images deportista.png
2018.06.12 03:50 B F:\Trabajo\Staminer\maqueta\images\drag-cursor.png --> ftp.staminer.com /beta2/images drag-cursor.png
2018.06.12 03:50 B F:\Trabajo\Staminer\maqueta\images\drop-pin-2-01.svg --> ftp.staminer.com /beta2/images drop-pin-2-01.svg
2018.06.12 03:50 B F:\Trabajo\Staminer\maqueta\images\drop-pin.svg --> ftp.staminer.com /beta2/images drop-pin.svg
2018.06.12 03:50 B F:\Trabajo\Staminer\maqueta\images\editar-01.svg --> ftp.staminer.com /beta2/images editar-01.svg
2018.06.12 03:50 B F:\Trabajo\Staminer\maqueta\images\editar-imagen-01.svg --> ftp.staminer.com /beta2/images editar-imagen-01.svg
2018.06.12 03:50 B F:\Trabajo\Staminer\maqueta\images\entreamiento-ico-01.svg --> ftp.staminer.com /beta2/images entreamiento-ico-01.svg
2018.06.12 03:50 B F:\Trabajo\Staminer\maqueta\images\enviar-ico-01.svg --> ftp.staminer.com /beta2/images enviar-ico-01.svg
2018.06.12 03:50 B F:\Trabajo\Staminer\maqueta\images\equis-icon-01.svg --> ftp.staminer.com /beta2/images equis-icon-01.svg
2018.06.12 03:50 B F:\Trabajo\Staminer\maqueta\images\escribir-ico-01.svg --> ftp.staminer.com /beta2/images escribir-ico-01.svg
2018.06.12 03:50 B F:\Trabajo\Staminer\maqueta\images\facebook-01.svg --> ftp.staminer.com /beta2/images facebook-01.svg
2018.06.12 03:50 B F:\Trabajo\Staminer\maqueta\images\file-ico-01.svg --> ftp.staminer.com /beta2/images file-ico-01.svg
2018.06.12 03:50 B F:\Trabajo\Staminer\maqueta\images\foto-banner-perfil.jpg --> ftp.staminer.com /beta2/images foto-banner-perfil.jpg
2018.06.12 03:50 B F:\Trabajo\Staminer\maqueta\images\foto-ico-01.svg --> ftp.staminer.com /beta2/images foto-ico-01.svg
2018.06.12 03:50 B F:\Trabajo\Staminer\maqueta\images\foto-logro-hz.jpg --> ftp.staminer.com /beta2/images foto-logro-hz.jpg
2018.06.12 03:50 B F:\Trabajo\Staminer\maqueta\images\foto-logro.jpg --> ftp.staminer.com /beta2/images foto-logro.jpg
2018.06.12 03:50 B F:\Trabajo\Staminer\maqueta\images\foto-publicacion-2.jpg --> ftp.staminer.com /beta2/images foto-publicacion-2.jpg
2018.06.12 03:50 B F:\Trabajo\Staminer\maqueta\images\foto-publicacion-3.jpg --> ftp.staminer.com /beta2/images foto-publicacion-3.jpg
2018.06.12 03:50 B F:\Trabajo\Staminer\maqueta\images\foto-publicacion.jpg --> ftp.staminer.com /beta2/images foto-publicacion.jpg
2018.06.12 03:50 B F:\Trabajo\Staminer\maqueta\images\foto-thumb-1.jpg --> ftp.staminer.com /beta2/images foto-thumb-1.jpg
2018.06.12 03:50 B F:\Trabajo\Staminer\maqueta\images\foto-thumb-2.jpg --> ftp.staminer.com /beta2/images foto-thumb-2.jpg
2018.06.12 03:50 B F:\Trabajo\Staminer\maqueta\images\foto-thumb-3.jpg --> ftp.staminer.com /beta2/images foto-thumb-3.jpg
2018.06.12 03:50 B F:\Trabajo\Staminer\maqueta\images\foto-thumb-4.jpg --> ftp.staminer.com /beta2/images foto-thumb-4.jpg
2018.06.12 03:50 B F:\Trabajo\Staminer\maqueta\images\foto-thumb-5.jpg --> ftp.staminer.com /beta2/images foto-thumb-5.jpg
2018.06.12 03:50 B F:\Trabajo\Staminer\maqueta\images\foto-thumb-6.jpg --> ftp.staminer.com /beta2/images foto-thumb-6.jpg
2018.06.12 03:50 B F:\Trabajo\Staminer\maqueta\images\foto-thumb-7.jpg --> ftp.staminer.com /beta2/images foto-thumb-7.jpg
2018.06.12 03:50 B F:\Trabajo\Staminer\maqueta\images\foto-thumb-8.jpg --> ftp.staminer.com /beta2/images foto-thumb-8.jpg
2018.06.12 03:50 B F:\Trabajo\Staminer\maqueta\images\fotos-ico-01.svg --> ftp.staminer.com /beta2/images fotos-ico-01.svg
2018.06.12 03:50 B F:\Trabajo\Staminer\maqueta\images\herramientas.jpg --> ftp.staminer.com /beta2/images herramientas.jpg
2018.06.12 03:50 B F:\Trabajo\Staminer\maqueta\images\hide-icon-01.svg --> ftp.staminer.com /beta2/images hide-icon-01.svg
2018.06.12 03:50 B F:\Trabajo\Staminer\maqueta\images\iniciar-sesion.jpg --> ftp.staminer.com /beta2/images iniciar-sesion.jpg
2018.06.12 03:50 B F:\Trabajo\Staminer\maqueta\images\instagram-01.svg --> ftp.staminer.com /beta2/images instagram-01.svg
2018.06.12 03:50 B F:\Trabajo\Staminer\maqueta\images\like-ico-01.svg --> ftp.staminer.com /beta2/images like-ico-01.svg
2018.06.12 03:50 B F:\Trabajo\Staminer\maqueta\images\location-ico-01.svg --> ftp.staminer.com /beta2/images location-ico-01.svg
2018.06.12 03:50 B F:\Trabajo\Staminer\maqueta\images\lock-ico-01.svg --> ftp.staminer.com /beta2/images lock-ico-01.svg
2018.06.12 03:50 B F:\Trabajo\Staminer\maqueta\images\logo-staminer-01.svg --> ftp.staminer.com /beta2/images logo-staminer-01.svg
2018.06.12 03:50 B F:\Trabajo\Staminer\maqueta\images\logo-staminer-blanco-01.svg --> ftp.staminer.com /beta2/images logo-staminer-blanco-01.svg
2018.06.12 03:50 B F:\Trabajo\Staminer\maqueta\images\logo-staminer-gris-01.svg --> ftp.staminer.com /beta2/images logo-staminer-gris-01.svg
2018.06.12 03:50 B F:\Trabajo\Staminer\maqueta\images\logro-01.svg --> ftp.staminer.com /beta2/images logro-01.svg
2018.06.12 03:50 B F:\Trabajo\Staminer\maqueta\images\logro-2.svg --> ftp.staminer.com /beta2/images logro-2.svg
2018.06.12 03:50 B F:\Trabajo\Staminer\maqueta\images\mail-ico-01.svg --> ftp.staminer.com /beta2/images mail-ico-01.svg
2018.06.12 03:50 B F:\Trabajo\Staminer\maqueta\images\mencionar-ico-01.svg --> ftp.staminer.com /beta2/images mencionar-ico-01.svg
2018.06.12 03:50 B F:\Trabajo\Staminer\maqueta\images\mensajes-01.svg --> ftp.staminer.com /beta2/images mensajes-01.svg
2018.06.12 03:50 B F:\Trabajo\Staminer\maqueta\images\mi-red-14.jpg --> ftp.staminer.com /beta2/images mi-red-14.jpg
2018.06.12 03:50 B F:\Trabajo\Staminer\maqueta\images\mi-red-15.jpg --> ftp.staminer.com /beta2/images mi-red-15.jpg
2018.06.12 03:51 B F:\Trabajo\Staminer\maqueta\images\monster.png --> ftp.staminer.com /beta2/images monster.png
2018.06.12 03:51 B F:\Trabajo\Staminer\maqueta\images\next-arrow-01.svg --> ftp.staminer.com /beta2/images next-arrow-01.svg
2018.06.12 03:51 B F:\Trabajo\Staminer\maqueta\images\perfil-foto.jpg --> ftp.staminer.com /beta2/images perfil-foto.jpg
2018.06.12 03:51 B F:\Trabajo\Staminer\maqueta\images\peru-flag.jpg --> ftp.staminer.com /beta2/images peru-flag.jpg
2018.06.12 03:51 B F:\Trabajo\Staminer\maqueta\images\play-btn-01.svg --> ftp.staminer.com /beta2/images play-btn-01.svg
2018.06.12 03:51 B F:\Trabajo\Staminer\maqueta\images\play-ico.svg --> ftp.staminer.com /beta2/images play-ico.svg
2018.06.12 03:51 B F:\Trabajo\Staminer\maqueta\images\plus-ico-01.svg --> ftp.staminer.com /beta2/images plus-ico-01.svg
2018.06.12 03:51 B F:\Trabajo\Staminer\maqueta\images\portada-shadow.png --> ftp.staminer.com /beta2/images portada-shadow.png
2018.06.12 03:51 B F:\Trabajo\Staminer\maqueta\images\prev-arrow-01.svg --> ftp.staminer.com /beta2/images prev-arrow-01.svg
2018.06.12 03:51 B F:\Trabajo\Staminer\maqueta\images\red-1.jpg --> ftp.staminer.com /beta2/images red-1.jpg
2018.06.12 03:51 B F:\Trabajo\Staminer\maqueta\images\red-10.jpg --> ftp.staminer.com /beta2/images red-10.jpg
2018.06.12 03:51 B F:\Trabajo\Staminer\maqueta\images\red-11.jpg --> ftp.staminer.com /beta2/images red-11.jpg
2018.06.12 03:51 B F:\Trabajo\Staminer\maqueta\images\red-12.jpg --> ftp.staminer.com /beta2/images red-12.jpg
2018.06.12 03:51 B F:\Trabajo\Staminer\maqueta\images\red-13.jpg --> ftp.staminer.com /beta2/images red-13.jpg
2018.06.12 03:51 B F:\Trabajo\Staminer\maqueta\images\red-2.jpg --> ftp.staminer.com /beta2/images red-2.jpg
2018.06.12 03:51 B F:\Trabajo\Staminer\maqueta\images\red-3.jpg --> ftp.staminer.com /beta2/images red-3.jpg
2018.06.12 03:51 B F:\Trabajo\Staminer\maqueta\images\red-4.jpg --> ftp.staminer.com /beta2/images red-4.jpg
2018.06.12 03:51 B F:\Trabajo\Staminer\maqueta\images\red-5.jpg --> ftp.staminer.com /beta2/images red-5.jpg
2018.06.12 03:51 B F:\Trabajo\Staminer\maqueta\images\red-6.jpg --> ftp.staminer.com /beta2/images red-6.jpg
2018.06.12 03:51 B F:\Trabajo\Staminer\maqueta\images\red-7.jpg --> ftp.staminer.com /beta2/images red-7.jpg
2018.06.12 03:51 B F:\Trabajo\Staminer\maqueta\images\red-8.jpg --> ftp.staminer.com /beta2/images red-8.jpg
2018.06.12 03:51 B F:\Trabajo\Staminer\maqueta\images\red-9.jpg --> ftp.staminer.com /beta2/images red-9.jpg
2018.06.12 03:51 B F:\Trabajo\Staminer\maqueta\images\red-ico-01.svg --> ftp.staminer.com /beta2/images red-ico-01.svg
2018.06.12 03:51 B F:\Trabajo\Staminer\maqueta\images\registro.jpg --> ftp.staminer.com /beta2/images registro.jpg
2018.06.12 03:51 B F:\Trabajo\Staminer\maqueta\images\rotar-ico-01.svg --> ftp.staminer.com /beta2/images rotar-ico-01.svg
2018.06.12 03:51 B F:\Trabajo\Staminer\maqueta\images\scroll-btn-01.svg --> ftp.staminer.com /beta2/images scroll-btn-01.svg
2018.06.12 03:51 B F:\Trabajo\Staminer\maqueta\images\search-ico-01.svg --> ftp.staminer.com /beta2/images search-ico-01.svg
2018.06.12 03:51 B F:\Trabajo\Staminer\maqueta\images\sex-h-01.svg --> ftp.staminer.com /beta2/images sex-h-01.svg
2018.06.12 03:51 B F:\Trabajo\Staminer\maqueta\images\sex-m-01.svg --> ftp.staminer.com /beta2/images sex-m-01.svg
2018.06.12 03:51 B F:\Trabajo\Staminer\maqueta\images\share-01.svg --> ftp.staminer.com /beta2/images share-01.svg
2018.06.12 03:51 B F:\Trabajo\Staminer\maqueta\images\share-ico-01.svg --> ftp.staminer.com /beta2/images share-ico-01.svg
2018.06.12 03:51 B F:\Trabajo\Staminer\maqueta\images\shield-ico-01.svg --> ftp.staminer.com /beta2/images shield-ico-01.svg
2018.06.12 03:51 B F:\Trabajo\Staminer\maqueta\images\shieldplus-ico-01.svg --> ftp.staminer.com /beta2/images shieldplus-ico-01.svg
2018.06.12 03:51 B F:\Trabajo\Staminer\maqueta\images\sonax.png --> ftp.staminer.com /beta2/images sonax.png
2018.06.12 03:51 B F:\Trabajo\Staminer\maqueta\images\success-01.svg --> ftp.staminer.com /beta2/images success-01.svg
2018.06.12 03:51 B F:\Trabajo\Staminer\maqueta\images\toyota.png --> ftp.staminer.com /beta2/images toyota.png
2018.06.12 03:51 B F:\Trabajo\Staminer\maqueta\images\trash-ico-01.svg --> ftp.staminer.com /beta2/images trash-ico-01.svg
2018.06.12 03:51 B F:\Trabajo\Staminer\maqueta\images\twitter-01.svg --> ftp.staminer.com /beta2/images twitter-01.svg
2018.06.12 03:51 B F:\Trabajo\Staminer\maqueta\images\ufc-publicidad.jpg --> ftp.staminer.com /beta2/images ufc-publicidad.jpg
2018.06.12 03:51 B F:\Trabajo\Staminer\maqueta\images\view-ico-01.svg --> ftp.staminer.com /beta2/images view-ico-01.svg
2018.06.12 03:51 B F:\Trabajo\Staminer\maqueta\images\view-icon-02.svg --> ftp.staminer.com /beta2/images view-icon-02.svg
2018.06.12 03:51 B F:\Trabajo\Staminer\maqueta\images\voltear-ico-01.svg --> ftp.staminer.com /beta2/images voltear-ico-01.svg
2018.06.12 03:51 B F:\Trabajo\Staminer\maqueta\images\world-ico-01.svg --> ftp.staminer.com /beta2/images world-ico-01.svg
2018.06.12 03:51 B F:\Trabajo\Staminer\maqueta\images\world-ico2-01.svg --> ftp.staminer.com /beta2/images world-ico2-01.svg
2018.06.12 03:51 B F:\Trabajo\Staminer\maqueta\images\y.png --> ftp.staminer.com /beta2/images y.png
2018.06.12 23:18 B F:\Trabajo\Staminer\maqueta\images\dots-01.svg --> ftp.staminer.com /beta2/images dots-01.svg
2018.06.19 13:11 B F:\Trabajo\Staminer\maqueta\images\non-profile.gif --> ftp.staminer.com /beta2/images non-profile.gif
2018.06.19 13:11 B F:\Trabajo\Staminer\maqueta\images\contact-form.jpg --> ftp.staminer.com /beta2/images contact-form.jpg
2018.06.19 13:11 B F:\Trabajo\Staminer\maqueta\images\down-arrow-01.svg --> ftp.staminer.com /beta2/images down-arrow-01.svg
2018.06.19 13:11 B F:\Trabajo\Staminer\maqueta\images\manifiesto-contacto.jpg --> ftp.staminer.com /beta2/images manifiesto-contacto.jpg
2018.07.04 18:21 B F:\Trabajo\Staminer\maqueta\images\flecha-blanca-01.svg --> ftp.staminer.com /beta2/images flecha-blanca-01.svg
2018.07.04 18:21 B F:\Trabajo\Staminer\maqueta\images\close-ico-blanco-01.svg --> ftp.staminer.com /beta2/images close-ico-blanco-01.svg
2018.07.04 18:21 B F:\Trabajo\Staminer\maqueta\images\like-ico-blanco-01.svg --> ftp.staminer.com /beta2/images like-ico-blanco-01.svg
2018.07.04 18:21 B F:\Trabajo\Staminer\maqueta\images\share-ico-blanco-01.svg --> ftp.staminer.com /beta2/images share-ico-blanco-01.svg
2018.07.04 18:21 B F:\Trabajo\Staminer\maqueta\images\blank-square.gif --> ftp.staminer.com /beta2/images blank-square.gif
2018.07.04 18:21 B F:\Trabajo\Staminer\maqueta\images\play-ico2-01.svg --> ftp.staminer.com /beta2/images play-ico2-01.svg
2018.07.04 18:21 B F:\Trabajo\Staminer\maqueta\images\foto-space-01.svg --> ftp.staminer.com /beta2/images foto-space-01.svg
2018.07.04 18:21 B F:\Trabajo\Staminer\maqueta\images\ico-mas-01.svg --> ftp.staminer.com /beta2/images ico-mas-01.svg
2018.07.04 18:21 B F:\Trabajo\Staminer\maqueta\images\logo-staminer-gris-01.svg --> ftp.staminer.com /beta2/images logo-staminer-gris-01.svg
2018.07.16 13:24 B F:\Trabajo\Staminer\maqueta\images\staminer-iso-01.svg --> www.cocoa.pe /cocoa.pe/staminer/images staminer-iso-01.svg
2018.07.16 13:24 B F:\Trabajo\Staminer\maqueta\images\menu-ico-01.svg --> www.cocoa.pe /cocoa.pe/staminer/images menu-ico-01.svg
2018.07.16 13:24 B F:\Trabajo\Staminer\maqueta\images\redes-ico-01.svg --> www.cocoa.pe /cocoa.pe/staminer/images redes-ico-01.svg
2018.07.16 13:24 B F:\Trabajo\Staminer\maqueta\images\tumbrl-01.svg --> www.cocoa.pe /cocoa.pe/staminer/images tumbrl-01.svg
2018.07.16 13:24 B F:\Trabajo\Staminer\maqueta\images\hide-icon-01.svg --> www.cocoa.pe /cocoa.pe/staminer/images hide-icon-01.svg
2018.07.16 13:24 B F:\Trabajo\Staminer\maqueta\images\view-icon-02.svg --> www.cocoa.pe /cocoa.pe/staminer/images view-icon-02.svg
2018.07.16 13:24 B F:\Trabajo\Staminer\maqueta\images\file-ico-01.svg --> www.cocoa.pe /cocoa.pe/staminer/images file-ico-01.svg
2018.07.16 13:24 B F:\Trabajo\Staminer\maqueta\images\fotos-ico-01.svg --> www.cocoa.pe /cocoa.pe/staminer/images fotos-ico-01.svg
2018.07.16 13:24 B F:\Trabajo\Staminer\maqueta\images\red-ico-01.svg --> www.cocoa.pe /cocoa.pe/staminer/images red-ico-01.svg
2018.07.16 13:24 B F:\Trabajo\Staminer\maqueta\images\sponsors-01.svg --> www.cocoa.pe /cocoa.pe/staminer/images sponsors-01.svg
2018.07.16 13:24 B F:\Trabajo\Staminer\maqueta\images\confirmar-01.svg --> www.cocoa.pe /cocoa.pe/staminer/images confirmar-01.svg
2018.07.16 13:24 B F:\Trabajo\Staminer\maqueta\images\ico-ver-mas-01.svg --> www.cocoa.pe /cocoa.pe/staminer/images ico-ver-mas-01.svg
2018.07.16 13:24 B F:\Trabajo\Staminer\maqueta\images\WS_FTP.LOG --> www.cocoa.pe /cocoa.pe/staminer/images WS_FTP.LOG
2018.07.16 13:24 B F:\Trabajo\Staminer\maqueta\images\flecha-blanca-01.svg --> www.cocoa.pe /cocoa.pe/staminer/images flecha-blanca-01.svg
2018.07.16 13:24 B F:\Trabajo\Staminer\maqueta\images\close-ico-blanco-01.svg --> www.cocoa.pe /cocoa.pe/staminer/images close-ico-blanco-01.svg
2018.07.16 13:24 B F:\Trabajo\Staminer\maqueta\images\like-ico-blanco-01.svg --> www.cocoa.pe /cocoa.pe/staminer/images like-ico-blanco-01.svg
2018.07.16 13:24 B F:\Trabajo\Staminer\maqueta\images\share-ico-blanco-01.svg --> www.cocoa.pe /cocoa.pe/staminer/images share-ico-blanco-01.svg
2018.07.16 13:24 B F:\Trabajo\Staminer\maqueta\images\blank-square.gif --> www.cocoa.pe /cocoa.pe/staminer/images blank-square.gif
2018.07.16 13:24 B F:\Trabajo\Staminer\maqueta\images\play-ico2-01.svg --> www.cocoa.pe /cocoa.pe/staminer/images play-ico2-01.svg
2018.07.16 13:24 B F:\Trabajo\Staminer\maqueta\images\foto-space-01.svg --> www.cocoa.pe /cocoa.pe/staminer/images foto-space-01.svg
2018.07.16 13:24 B F:\Trabajo\Staminer\maqueta\images\ico-mas-01.svg --> www.cocoa.pe /cocoa.pe/staminer/images ico-mas-01.svg
2018.07.16 13:24 B F:\Trabajo\Staminer\maqueta\images\logo-staminer-gris-01.svg --> www.cocoa.pe /cocoa.pe/staminer/images logo-staminer-gris-01.svg
2018.07.16 13:24 B F:\Trabajo\Staminer\maqueta\images\non-profile.gif --> www.cocoa.pe /cocoa.pe/staminer/images non-profile.gif
2018.07.16 13:24 B F:\Trabajo\Staminer\maqueta\images\contact-form.jpg --> www.cocoa.pe /cocoa.pe/staminer/images contact-form.jpg
2018.07.16 13:24 B F:\Trabajo\Staminer\maqueta\images\down-arrow-01.svg --> www.cocoa.pe /cocoa.pe/staminer/images down-arrow-01.svg
2018.07.16 13:24 B F:\Trabajo\Staminer\maqueta\images\manifiesto-contacto.jpg --> www.cocoa.pe /cocoa.pe/staminer/images manifiesto-contacto.jpg
2018.07.16 13:24 B F:\Trabajo\Staminer\maqueta\images\dots-01.svg --> www.cocoa.pe /cocoa.pe/staminer/images dots-01.svg
2018.07.16 13:24 B F:\Trabajo\Staminer\maqueta\images\red-13.jpg --> www.cocoa.pe /cocoa.pe/staminer/images red-13.jpg
2018.07.16 13:24 B F:\Trabajo\Staminer\maqueta\images\mi-red-15.jpg --> www.cocoa.pe /cocoa.pe/staminer/images mi-red-15.jpg
2018.07.16 13:24 B F:\Trabajo\Staminer\maqueta\images\mi-red-14.jpg --> www.cocoa.pe /cocoa.pe/staminer/images mi-red-14.jpg
2018.07.16 13:24 B F:\Trabajo\Staminer\maqueta\images\red-12.jpg --> www.cocoa.pe /cocoa.pe/staminer/images red-12.jpg
2018.07.16 13:24 B F:\Trabajo\Staminer\maqueta\images\red-11.jpg --> www.cocoa.pe /cocoa.pe/staminer/images red-11.jpg
2018.07.16 13:24 B F:\Trabajo\Staminer\maqueta\images\red-9.jpg --> www.cocoa.pe /cocoa.pe/staminer/images red-9.jpg
2018.07.16 13:24 B F:\Trabajo\Staminer\maqueta\images\red-8.jpg --> www.cocoa.pe /cocoa.pe/staminer/images red-8.jpg
2018.07.16 13:24 B F:\Trabajo\Staminer\maqueta\images\red-10.jpg --> www.cocoa.pe /cocoa.pe/staminer/images red-10.jpg
2018.07.16 13:24 B F:\Trabajo\Staminer\maqueta\images\mail-ico-01.svg --> www.cocoa.pe /cocoa.pe/staminer/images mail-ico-01.svg
2018.07.16 13:24 B F:\Trabajo\Staminer\maqueta\images\logro-2.svg --> www.cocoa.pe /cocoa.pe/staminer/images logro-2.svg
2018.07.16 13:24 B F:\Trabajo\Staminer\maqueta\images\ufc-publicidad.jpg --> www.cocoa.pe /cocoa.pe/staminer/images ufc-publicidad.jpg
2018.07.16 13:24 B F:\Trabajo\Staminer\maqueta\images\red-7.jpg --> www.cocoa.pe /cocoa.pe/staminer/images red-7.jpg
2018.07.16 13:24 B F:\Trabajo\Staminer\maqueta\images\red-6.jpg --> www.cocoa.pe /cocoa.pe/staminer/images red-6.jpg
2018.07.16 13:24 B F:\Trabajo\Staminer\maqueta\images\foto-publicacion-3.jpg --> www.cocoa.pe /cocoa.pe/staminer/images foto-publicacion-3.jpg
2018.07.16 13:24 B F:\Trabajo\Staminer\maqueta\images\red-5.jpg --> www.cocoa.pe /cocoa.pe/staminer/images red-5.jpg
2018.07.16 13:24 B F:\Trabajo\Staminer\maqueta\images\agregar-foto-01.svg --> www.cocoa.pe /cocoa.pe/staminer/images agregar-foto-01.svg
2018.07.16 13:24 B F:\Trabajo\Staminer\maqueta\images\trash-ico-01.svg --> www.cocoa.pe /cocoa.pe/staminer/images trash-ico-01.svg
2018.07.16 13:24 B F:\Trabajo\Staminer\maqueta\images\del-friend-ico-01.svg --> www.cocoa.pe /cocoa.pe/staminer/images del-friend-ico-01.svg
2018.07.16 13:24 B F:\Trabajo\Staminer\maqueta\images\add-friend-ico-01.svg --> www.cocoa.pe /cocoa.pe/staminer/images add-friend-ico-01.svg
2018.07.16 13:24 B F:\Trabajo\Staminer\maqueta\images\world-ico2-01.svg --> www.cocoa.pe /cocoa.pe/staminer/images world-ico2-01.svg
2018.07.16 13:24 B F:\Trabajo\Staminer\maqueta\images\voltear-ico-01.svg --> www.cocoa.pe /cocoa.pe/staminer/images voltear-ico-01.svg
2018.07.16 13:24 B F:\Trabajo\Staminer\maqueta\images\prev-arrow-01.svg --> www.cocoa.pe /cocoa.pe/staminer/images prev-arrow-01.svg
2018.07.16 13:24 B F:\Trabajo\Staminer\maqueta\images\next-arrow-01.svg --> www.cocoa.pe /cocoa.pe/staminer/images next-arrow-01.svg
2018.07.16 13:24 B F:\Trabajo\Staminer\maqueta\images\drag-cursor.png --> www.cocoa.pe /cocoa.pe/staminer/images drag-cursor.png
2018.07.16 13:24 B F:\Trabajo\Staminer\maqueta\images\cross-ico-01.svg --> www.cocoa.pe /cocoa.pe/staminer/images cross-ico-01.svg
2018.07.16 13:24 B F:\Trabajo\Staminer\maqueta\images\editar-imagen-01.svg --> www.cocoa.pe /cocoa.pe/staminer/images editar-imagen-01.svg
2018.07.16 13:24 B F:\Trabajo\Staminer\maqueta\images\close-ico-01.svg --> www.cocoa.pe /cocoa.pe/staminer/images close-ico-01.svg
2018.07.16 13:24 B F:\Trabajo\Staminer\maqueta\images\perfil-foto.jpg --> www.cocoa.pe /cocoa.pe/staminer/images perfil-foto.jpg
2018.07.16 13:24 B F:\Trabajo\Staminer\maqueta\images\foto-banner-perfil.jpg --> www.cocoa.pe /cocoa.pe/staminer/images foto-banner-perfil.jpg
2018.07.16 13:24 B F:\Trabajo\Staminer\maqueta\images\portada-shadow.png --> www.cocoa.pe /cocoa.pe/staminer/images portada-shadow.png
2018.07.16 13:24 B F:\Trabajo\Staminer\maqueta\images\logo-staminer-01.svg --> www.cocoa.pe /cocoa.pe/staminer/images logo-staminer-01.svg
2018.07.16 13:24 B F:\Trabajo\Staminer\maqueta\images\rotar-ico-01.svg --> www.cocoa.pe /cocoa.pe/staminer/images rotar-ico-01.svg
2018.07.16 13:24 B F:\Trabajo\Staminer\maqueta\images\play-ico.svg --> www.cocoa.pe /cocoa.pe/staminer/images play-ico.svg
2018.07.16 13:24 B F:\Trabajo\Staminer\maqueta\images\logro-01.svg --> www.cocoa.pe /cocoa.pe/staminer/images logro-01.svg
2018.07.16 13:24 B F:\Trabajo\Staminer\maqueta\images\like-ico-01.svg --> www.cocoa.pe /cocoa.pe/staminer/images like-ico-01.svg
2018.07.16 13:25 B F:\Trabajo\Staminer\maqueta\images\comment-ico-01.svg --> www.cocoa.pe /cocoa.pe/staminer/images comment-ico-01.svg
2018.07.16 13:25 B F:\Trabajo\Staminer\maqueta\images\share-ico-01.svg --> www.cocoa.pe /cocoa.pe/staminer/images share-ico-01.svg
2018.07.16 13:25 B F:\Trabajo\Staminer\maqueta\images\share-01.svg --> www.cocoa.pe /cocoa.pe/staminer/images share-01.svg
2018.07.16 13:25 B F:\Trabajo\Staminer\maqueta\images\sex-m-01.svg --> www.cocoa.pe /cocoa.pe/staminer/images sex-m-01.svg
2018.07.16 13:25 B F:\Trabajo\Staminer\maqueta\images\sex-h-01.svg --> www.cocoa.pe /cocoa.pe/staminer/images sex-h-01.svg
2018.07.16 13:25 B F:\Trabajo\Staminer\maqueta\images\enviar-ico-01.svg --> www.cocoa.pe /cocoa.pe/staminer/images enviar-ico-01.svg
2018.07.16 13:25 B F:\Trabajo\Staminer\maqueta\images\amigos-ico-01.svg --> www.cocoa.pe /cocoa.pe/staminer/images amigos-ico-01.svg
2018.07.16 13:25 B F:\Trabajo\Staminer\maqueta\images\lock-ico-01.svg --> www.cocoa.pe /cocoa.pe/staminer/images lock-ico-01.svg
2018.07.16 13:25 B F:\Trabajo\Staminer\maqueta\images\foto-ico-01.svg --> www.cocoa.pe /cocoa.pe/staminer/images foto-ico-01.svg
2018.07.16 13:25 B F:\Trabajo\Staminer\maqueta\images\world-ico-01.svg --> www.cocoa.pe /cocoa.pe/staminer/images world-ico-01.svg
2018.07.16 13:25 B F:\Trabajo\Staminer\maqueta\images\editar-01.svg --> www.cocoa.pe /cocoa.pe/staminer/images editar-01.svg
2018.07.16 13:25 B F:\Trabajo\Staminer\maqueta\images\shieldplus-ico-01.svg --> www.cocoa.pe /cocoa.pe/staminer/images shieldplus-ico-01.svg
2018.07.16 13:25 B F:\Trabajo\Staminer\maqueta\images\location-ico-01.svg --> www.cocoa.pe /cocoa.pe/staminer/images location-ico-01.svg
2018.07.16 13:25 B F:\Trabajo\Staminer\maqueta\images\shield-ico-01.svg --> www.cocoa.pe /cocoa.pe/staminer/images shield-ico-01.svg
2018.07.16 13:25 B F:\Trabajo\Staminer\maqueta\images\search-ico-01.svg --> www.cocoa.pe /cocoa.pe/staminer/images search-ico-01.svg
2018.07.16 13:25 B F:\Trabajo\Staminer\maqueta\images\alertas-01.svg --> www.cocoa.pe /cocoa.pe/staminer/images alertas-01.svg
2018.07.16 13:25 B F:\Trabajo\Staminer\maqueta\images\mensajes-01.svg --> www.cocoa.pe /cocoa.pe/staminer/images mensajes-01.svg
2018.07.16 13:25 B F:\Trabajo\Staminer\maqueta\images\config-01.svg --> www.cocoa.pe /cocoa.pe/staminer/images config-01.svg
2018.07.16 13:25 B F:\Trabajo\Staminer\maqueta\images\deporitsta-solicitud.jpg --> www.cocoa.pe /cocoa.pe/staminer/images deporitsta-solicitud.jpg
2018.07.16 13:25 B F:\Trabajo\Staminer\maqueta\images\iniciar-sesion.jpg --> www.cocoa.pe /cocoa.pe/staminer/images iniciar-sesion.jpg
2018.07.16 13:25 B F:\Trabajo\Staminer\maqueta\images\registro.jpg --> www.cocoa.pe /cocoa.pe/staminer/images registro.jpg
2018.07.16 13:25 B F:\Trabajo\Staminer\maqueta\images\foto-logro.jpg --> www.cocoa.pe /cocoa.pe/staminer/images foto-logro.jpg
2018.07.16 13:25 B F:\Trabajo\Staminer\maqueta\images\drop-pin-2-01.svg --> www.cocoa.pe /cocoa.pe/staminer/images drop-pin-2-01.svg
2018.07.16 13:25 B F:\Trabajo\Staminer\maqueta\images\drop-pin.svg --> www.cocoa.pe /cocoa.pe/staminer/images drop-pin.svg
2018.07.16 13:25 B F:\Trabajo\Staminer\maqueta\images\equis-icon-01.svg --> www.cocoa.pe /cocoa.pe/staminer/images equis-icon-01.svg
2018.07.16 13:25 B F:\Trabajo\Staminer\maqueta\images\foto-thumb-8.jpg --> www.cocoa.pe /cocoa.pe/staminer/images foto-thumb-8.jpg
2018.07.16 13:25 B F:\Trabajo\Staminer\maqueta\images\foto-thumb-7.jpg --> www.cocoa.pe /cocoa.pe/staminer/images foto-thumb-7.jpg
2018.07.16 13:25 B F:\Trabajo\Staminer\maqueta\images\foto-thumb-6.jpg --> www.cocoa.pe /cocoa.pe/staminer/images foto-thumb-6.jpg
2018.07.16 13:25 B F:\Trabajo\Staminer\maqueta\images\foto-thumb-4.jpg --> www.cocoa.pe /cocoa.pe/staminer/images foto-thumb-4.jpg
2018.07.16 13:25 B F:\Trabajo\Staminer\maqueta\images\foto-thumb-3.jpg --> www.cocoa.pe /cocoa.pe/staminer/images foto-thumb-3.jpg
2018.07.16 13:25 B F:\Trabajo\Staminer\maqueta\images\foto-thumb-2.jpg --> www.cocoa.pe /cocoa.pe/staminer/images foto-thumb-2.jpg
2018.07.16 13:25 B F:\Trabajo\Staminer\maqueta\images\foto-publicacion.jpg --> www.cocoa.pe /cocoa.pe/staminer/images foto-publicacion.jpg
2018.07.16 13:25 B F:\Trabajo\Staminer\maqueta\images\foto-publicacion-2.jpg --> www.cocoa.pe /cocoa.pe/staminer/images foto-publicacion-2.jpg
2018.07.16 13:25 B F:\Trabajo\Staminer\maqueta\images\foto-logro-hz.jpg --> www.cocoa.pe /cocoa.pe/staminer/images foto-logro-hz.jpg
2018.07.16 13:25 B F:\Trabajo\Staminer\maqueta\images\plus-ico-01.svg --> www.cocoa.pe /cocoa.pe/staminer/images plus-ico-01.svg
2018.07.16 13:25 B F:\Trabajo\Staminer\maqueta\images\check-ico-01.svg --> www.cocoa.pe /cocoa.pe/staminer/images check-ico-01.svg
2018.07.16 13:25 B F:\Trabajo\Staminer\maqueta\images\entreamiento-ico-01.svg --> www.cocoa.pe /cocoa.pe/staminer/images entreamiento-ico-01.svg
2018.07.16 13:25 B F:\Trabajo\Staminer\maqueta\images\mencionar-ico-01.svg --> www.cocoa.pe /cocoa.pe/staminer/images mencionar-ico-01.svg
2018.07.16 13:25 B F:\Trabajo\Staminer\maqueta\images\success-01.svg --> www.cocoa.pe /cocoa.pe/staminer/images success-01.svg
2018.07.16 13:25 B F:\Trabajo\Staminer\maqueta\images\view-ico-01.svg --> www.cocoa.pe /cocoa.pe/staminer/images view-ico-01.svg
2018.07.16 13:25 B F:\Trabajo\Staminer\maqueta\images\escribir-ico-01.svg --> www.cocoa.pe /cocoa.pe/staminer/images escribir-ico-01.svg
2018.07.16 13:25 B F:\Trabajo\Staminer\maqueta\images\twitter-01.svg --> www.cocoa.pe /cocoa.pe/staminer/images twitter-01.svg
2018.07.16 13:25 B F:\Trabajo\Staminer\maqueta\images\instagram-01.svg --> www.cocoa.pe /cocoa.pe/staminer/images instagram-01.svg
2018.07.16 13:25 B F:\Trabajo\Staminer\maqueta\images\facebook-01.svg --> www.cocoa.pe /cocoa.pe/staminer/images facebook-01.svg
2018.07.16 13:25 B F:\Trabajo\Staminer\maqueta\images\red-4.jpg --> www.cocoa.pe /cocoa.pe/staminer/images red-4.jpg
2018.07.16 13:25 B F:\Trabajo\Staminer\maqueta\images\red-2.jpg --> www.cocoa.pe /cocoa.pe/staminer/images red-2.jpg
2018.07.16 13:25 B F:\Trabajo\Staminer\maqueta\images\red-3.jpg --> www.cocoa.pe /cocoa.pe/staminer/images red-3.jpg
2018.07.16 13:25 B F:\Trabajo\Staminer\maqueta\images\red-1.jpg --> www.cocoa.pe /cocoa.pe/staminer/images red-1.jpg
2018.07.16 13:25 B F:\Trabajo\Staminer\maqueta\images\foto-thumb-5.jpg --> www.cocoa.pe /cocoa.pe/staminer/images foto-thumb-5.jpg
2018.07.16 13:25 B F:\Trabajo\Staminer\maqueta\images\y.png --> www.cocoa.pe /cocoa.pe/staminer/images y.png
2018.07.16 13:25 B F:\Trabajo\Staminer\maqueta\images\toyota.png --> www.cocoa.pe /cocoa.pe/staminer/images toyota.png
2018.07.16 13:25 B F:\Trabajo\Staminer\maqueta\images\sonax.png --> www.cocoa.pe /cocoa.pe/staminer/images sonax.png
2018.07.16 13:25 B F:\Trabajo\Staminer\maqueta\images\monster.png --> www.cocoa.pe /cocoa.pe/staminer/images monster.png
2018.07.16 13:25 B F:\Trabajo\Staminer\maqueta\images\foto-thumb-1.jpg --> www.cocoa.pe /cocoa.pe/staminer/images foto-thumb-1.jpg
2018.07.16 13:25 B F:\Trabajo\Staminer\maqueta\images\logo-staminer-blanco-01.svg --> www.cocoa.pe /cocoa.pe/staminer/images logo-staminer-blanco-01.svg
2018.07.16 13:25 B F:\Trabajo\Staminer\maqueta\images\banner-sesion.jpg --> www.cocoa.pe /cocoa.pe/staminer/images banner-sesion.jpg
2018.07.16 13:25 B F:\Trabajo\Staminer\maqueta\images\herramientas.jpg --> www.cocoa.pe /cocoa.pe/staminer/images herramientas.jpg
2018.07.16 13:25 B F:\Trabajo\Staminer\maqueta\images\comunidad.jpg --> www.cocoa.pe /cocoa.pe/staminer/images comunidad.jpg
2018.07.16 13:25 B F:\Trabajo\Staminer\maqueta\images\scroll-btn-01.svg --> www.cocoa.pe /cocoa.pe/staminer/images scroll-btn-01.svg
2018.07.16 13:25 B F:\Trabajo\Staminer\maqueta\images\deportista.png --> www.cocoa.pe /cocoa.pe/staminer/images deportista.png
2018.07.16 13:25 B F:\Trabajo\Staminer\maqueta\images\play-btn-01.svg --> www.cocoa.pe /cocoa.pe/staminer/images play-btn-01.svg
2018.07.16 13:26 B F:\Trabajo\Staminer\maqueta\images\bg-banner.jpg --> www.cocoa.pe /cocoa.pe/staminer/images bg-banner.jpg
2018.07.16 17:10 B F:\Trabajo\Staminer\maqueta\images\staminer-iso-01.svg --> www.cocoa.pe /cocoa.pe staminer-iso-01.svg
2018.07.16 17:10 B F:\Trabajo\Staminer\maqueta\images\amigos-ico-01.svg --> www.cocoa.pe /cocoa.pe amigos-ico-01.svg
2018.07.16 17:10 B F:\Trabajo\Staminer\maqueta\images\world-ico-01.svg --> www.cocoa.pe /cocoa.pe world-ico-01.svg
2018.07.16 17:10 B F:\Trabajo\Staminer\maqueta\images\lock-ico-01.svg --> www.cocoa.pe /cocoa.pe lock-ico-01.svg
2018.07.16 17:10 B F:\Trabajo\Staminer\maqueta\images\staminer-iso-01.svg --> www.cocoa.pe /cocoa.pe/staminer/images staminer-iso-01.svg
2018.07.16 17:10 B F:\Trabajo\Staminer\maqueta\images\amigos-ico-01.svg --> www.cocoa.pe /cocoa.pe/staminer/images amigos-ico-01.svg
2018.07.16 17:10 B F:\Trabajo\Staminer\maqueta\images\world-ico-01.svg --> www.cocoa.pe /cocoa.pe/staminer/images world-ico-01.svg
2018.07.16 17:10 B F:\Trabajo\Staminer\maqueta\images\lock-ico-01.svg --> www.cocoa.pe /cocoa.pe/staminer/images lock-ico-01.svg
2018.07.17 10:05 B F:\Trabajo\Staminer\maqueta\images\play-ico2-01.svg --> www.cocoa.pe /cocoa.pe/staminer/images play-ico2-01.svg
2018.07.17 10:05 B F:\Trabajo\Staminer\maqueta\images\hide-icon-01.svg --> www.cocoa.pe /cocoa.pe/staminer/images hide-icon-01.svg
2018.07.17 10:05 B F:\Trabajo\Staminer\maqueta\images\view-icon-02.svg --> www.cocoa.pe /cocoa.pe/staminer/images view-icon-02.svg
2018.07.17 10:05 B F:\Trabajo\Staminer\maqueta\images\del-friend-ico-01.svg --> www.cocoa.pe /cocoa.pe/staminer/images del-friend-ico-01.svg
2018.07.17 10:05 B F:\Trabajo\Staminer\maqueta\images\add-friend-ico-01.svg --> www.cocoa.pe /cocoa.pe/staminer/images add-friend-ico-01.svg
2018.07.17 10:05 B F:\Trabajo\Staminer\maqueta\images\share-ico-01.svg --> www.cocoa.pe /cocoa.pe/staminer/images share-ico-01.svg
2018.07.17 10:05 B F:\Trabajo\Staminer\maqueta\images\share-ico-blanco-01.svg --> www.cocoa.pe /cocoa.pe/staminer/images share-ico-blanco-01.svg
2018.07.17 10:05 B F:\Trabajo\Staminer\maqueta\images\shieldplus-ico-01.svg --> www.cocoa.pe /cocoa.pe/staminer/images shieldplus-ico-01.svg
2018.07.17 10:05 B F:\Trabajo\Staminer\maqueta\images\foto-ico-01.svg --> www.cocoa.pe /cocoa.pe/staminer/images foto-ico-01.svg
2018.07.17 10:05 B F:\Trabajo\Staminer\maqueta\images\editar-imagen-01.svg --> www.cocoa.pe /cocoa.pe/staminer/images editar-imagen-01.svg
2018.07.17 10:05 B F:\Trabajo\Staminer\maqueta\images\agregar-foto-01.svg --> www.cocoa.pe /cocoa.pe/staminer/images agregar-foto-01.svg
2018.07.17 10:05 B F:\Trabajo\Staminer\maqueta\images\foto-space-01.svg --> www.cocoa.pe /cocoa.pe/staminer/images foto-space-01.svg
2018.07.17 10:05 B F:\Trabajo\Staminer\maqueta\images\fotos-ico-01.svg --> www.cocoa.pe /cocoa.pe/staminer/images fotos-ico-01.svg
2018.07.17 10:05 B F:\Trabajo\Staminer\maqueta\images\mail-ico-01.svg --> www.cocoa.pe /cocoa.pe/staminer/images mail-ico-01.svg
2018.07.17 10:05 B F:\Trabajo\Staminer\maqueta\images\mensajes-01.svg --> www.cocoa.pe /cocoa.pe/staminer/images mensajes-01.svg
2018.07.17 10:05 B F:\Trabajo\Staminer\maqueta\images\config-01.svg --> www.cocoa.pe /cocoa.pe/staminer/images config-01.svg
2018.07.17 10:05 B F:\Trabajo\Staminer\maqueta\images\alertas-01.svg --> www.cocoa.pe /cocoa.pe/staminer/images alertas-01.svg
2018.07.17 13:48 B F:\Trabajo\Staminer\maqueta\images\search-ico-01.svg --> www.cocoa.pe /cocoa.pe/staminer/images search-ico-01.svg
2018.07.17 13:48 B F:\Trabajo\Staminer\maqueta\images\staminer-iso-01.svg --> www.cocoa.pe /cocoa.pe/staminer/images staminer-iso-01.svg
2018.07.17 14:16 B F:\Trabajo\Staminer\maqueta\images\ufc.jpg --> www.cocoa.pe /cocoa.pe/staminer/images ufc.jpg
2018.07.18 15:30 B F:\Trabajo\Staminer\maqueta\images\add-symbol-azul-01.svg --> www.cocoa.pe /cocoa.pe/staminer/images add-symbol-azul-01.svg
2018.07.18 15:30 B F:\Trabajo\Staminer\maqueta\images\check-gris-01.svg --> www.cocoa.pe /cocoa.pe/staminer/images check-gris-01.svg
2018.07.18 15:30 B F:\Trabajo\Staminer\maqueta\images\mail-gris-01.svg --> www.cocoa.pe /cocoa.pe/staminer/images mail-gris-01.svg
2018.07.18 15:30 B F:\Trabajo\Staminer\maqueta\images\foto-banner-completa.jpg --> www.cocoa.pe /cocoa.pe/staminer/images foto-banner-completa.jpg
2018.07.18 15:30 B F:\Trabajo\Staminer\maqueta\images\drag-v-cursor.png --> www.cocoa.pe /cocoa.pe/staminer/images drag-v-cursor.png
2018.07.20 15:43 B F:\Trabajo\Staminer\maqueta\images\flecha-blanca-01.svg --> www.cocoa.pe /cocoa.pe/staminer flecha-blanca-01.svg
2018.07.20 15:43 B F:\Trabajo\Staminer\maqueta\images\home-slider-5.jpg --> www.cocoa.pe /cocoa.pe/staminer home-slider-5.jpg
2018.07.20 15:44 B F:\Trabajo\Staminer\maqueta\images\flecha-blanca-01.svg --> www.cocoa.pe /cocoa.pe/staminer/images flecha-blanca-01.svg
2018.07.20 15:44 B F:\Trabajo\Staminer\maqueta\images\home-slider-5.jpg --> www.cocoa.pe /cocoa.pe/staminer/images home-slider-5.jpg
2018.07.20 15:44 B F:\Trabajo\Staminer\maqueta\images\home-slider-4.jpg --> www.cocoa.pe /cocoa.pe/staminer/images home-slider-4.jpg
2018.07.20 15:44 B F:\Trabajo\Staminer\maqueta\images\home-slider-3.jpg --> www.cocoa.pe /cocoa.pe/staminer/images home-slider-3.jpg
2018.07.20 15:44 B F:\Trabajo\Staminer\maqueta\images\home-slider-2.jpg --> www.cocoa.pe /cocoa.pe/staminer/images home-slider-2.jpg
2018.07.20 15:44 B F:\Trabajo\Staminer\maqueta\images\home-slider-1.jpg --> www.cocoa.pe /cocoa.pe/staminer/images home-slider-1.jpg
2018.07.20 15:44 B F:\Trabajo\Staminer\maqueta\images\rotar-ico-blanco-01.svg --> www.cocoa.pe /cocoa.pe/staminer/images rotar-ico-blanco-01.svg
2018.07.20 15:44 B F:\Trabajo\Staminer\maqueta\images\logo-staminer-blanco-01.svg --> www.cocoa.pe /cocoa.pe/staminer/images logo-staminer-blanco-01.svg
2018.07.20 15:44 B F:\Trabajo\Staminer\maqueta\images\WS_FTP.LOG --> www.cocoa.pe /cocoa.pe/staminer/images WS_FTP.LOG
2018.07.20 15:46 B F:\Trabajo\Staminer\maqueta\images\add-symbol-azul-01.svg --> www.cocoa.pe /cocoa.pe/staminer/images add-symbol-azul-01.svg
2018.07.20 15:46 B F:\Trabajo\Staminer\maqueta\images\check-gris-01.svg --> www.cocoa.pe /cocoa.pe/staminer/images check-gris-01.svg
2018.07.20 15:46 B F:\Trabajo\Staminer\maqueta\images\mail-gris-01.svg --> www.cocoa.pe /cocoa.pe/staminer/images mail-gris-01.svg
2018.07.20 15:46 B F:\Trabajo\Staminer\maqueta\images\foto-banner-completa.jpg --> www.cocoa.pe /cocoa.pe/staminer/images foto-banner-completa.jpg
2018.07.20 15:46 B F:\Trabajo\Staminer\maqueta\images\drag-v-cursor.png --> www.cocoa.pe /cocoa.pe/staminer/images drag-v-cursor.png
2018.07.20 15:46 B F:\Trabajo\Staminer\maqueta\images\search-ico-01.svg --> www.cocoa.pe /cocoa.pe/staminer/images search-ico-01.svg
2018.07.20 15:46 B F:\Trabajo\Staminer\maqueta\images\staminer-iso-01.svg --> www.cocoa.pe /cocoa.pe/staminer/images staminer-iso-01.svg
2018.07.20 15:46 B F:\Trabajo\Staminer\maqueta\images\play-ico2-01.svg --> www.cocoa.pe /cocoa.pe/staminer/images play-ico2-01.svg
2018.07.20 15:46 B F:\Trabajo\Staminer\maqueta\images\hide-icon-01.svg --> www.cocoa.pe /cocoa.pe/staminer/images hide-icon-01.svg
2018.07.20 15:46 B F:\Trabajo\Staminer\maqueta\images\view-icon-02.svg --> www.cocoa.pe /cocoa.pe/staminer/images view-icon-02.svg
2018.07.20 15:46 B F:\Trabajo\Staminer\maqueta\images\del-friend-ico-01.svg --> www.cocoa.pe /cocoa.pe/staminer/images del-friend-ico-01.svg
2018.07.20 15:46 B F:\Trabajo\Staminer\maqueta\images\add-friend-ico-01.svg --> www.cocoa.pe /cocoa.pe/staminer/images add-friend-ico-01.svg
2018.07.20 15:46 B F:\Trabajo\Staminer\maqueta\images\share-ico-01.svg --> www.cocoa.pe /cocoa.pe/staminer/images share-ico-01.svg
2018.07.20 15:46 B F:\Trabajo\Staminer\maqueta\images\share-ico-blanco-01.svg --> www.cocoa.pe /cocoa.pe/staminer/images share-ico-blanco-01.svg
2018.07.20 15:46 B F:\Trabajo\Staminer\maqueta\images\shieldplus-ico-01.svg --> www.cocoa.pe /cocoa.pe/staminer/images shieldplus-ico-01.svg
2018.07.20 15:46 B F:\Trabajo\Staminer\maqueta\images\foto-ico-01.svg --> www.cocoa.pe /cocoa.pe/staminer/images foto-ico-01.svg
2018.07.20 15:46 B F:\Trabajo\Staminer\maqueta\images\editar-imagen-01.svg --> www.cocoa.pe /cocoa.pe/staminer/images editar-imagen-01.svg
2018.07.20 15:46 B F:\Trabajo\Staminer\maqueta\images\agregar-foto-01.svg --> www.cocoa.pe /cocoa.pe/staminer/images agregar-foto-01.svg
2018.07.20 15:46 B F:\Trabajo\Staminer\maqueta\images\foto-space-01.svg --> www.cocoa.pe /cocoa.pe/staminer/images foto-space-01.svg
2018.07.20 15:46 B F:\Trabajo\Staminer\maqueta\images\fotos-ico-01.svg --> www.cocoa.pe /cocoa.pe/staminer/images fotos-ico-01.svg
2018.07.20 15:46 B F:\Trabajo\Staminer\maqueta\images\mail-ico-01.svg --> www.cocoa.pe /cocoa.pe/staminer/images mail-ico-01.svg
2018.07.20 15:46 B F:\Trabajo\Staminer\maqueta\images\mensajes-01.svg --> www.cocoa.pe /cocoa.pe/staminer/images mensajes-01.svg
2018.07.20 15:46 B F:\Trabajo\Staminer\maqueta\images\config-01.svg --> www.cocoa.pe /cocoa.pe/staminer/images config-01.svg
2018.07.20 15:46 B F:\Trabajo\Staminer\maqueta\images\alertas-01.svg --> www.cocoa.pe /cocoa.pe/staminer/images alertas-01.svg
2018.07.20 15:47 B F:\Trabajo\Staminer\maqueta\images\amigos-ico-01.svg --> www.cocoa.pe /cocoa.pe/staminer/images amigos-ico-01.svg
2018.07.20 15:47 B F:\Trabajo\Staminer\maqueta\images\world-ico-01.svg --> www.cocoa.pe /cocoa.pe/staminer/images world-ico-01.svg
2018.07.20 15:47 B F:\Trabajo\Staminer\maqueta\images\lock-ico-01.svg --> www.cocoa.pe /cocoa.pe/staminer/images lock-ico-01.svg
2018.07.20 15:47 B F:\Trabajo\Staminer\maqueta\images\menu-ico-01.svg --> www.cocoa.pe /cocoa.pe/staminer/images menu-ico-01.svg
2018.07.20 15:47 B F:\Trabajo\Staminer\maqueta\images\redes-ico-01.svg --> www.cocoa.pe /cocoa.pe/staminer/images redes-ico-01.svg
2018.07.20 15:47 B F:\Trabajo\Staminer\maqueta\images\tumbrl-01.svg --> www.cocoa.pe /cocoa.pe/staminer/images tumbrl-01.svg
2018.07.20 15:47 B F:\Trabajo\Staminer\maqueta\images\file-ico-01.svg --> www.cocoa.pe /cocoa.pe/staminer/images file-ico-01.svg
2018.07.20 15:47 B F:\Trabajo\Staminer\maqueta\images\red-ico-01.svg --> www.cocoa.pe /cocoa.pe/staminer/images red-ico-01.svg
2018.07.20 15:47 B F:\Trabajo\Staminer\maqueta\images\sponsors-01.svg --> www.cocoa.pe /cocoa.pe/staminer/images sponsors-01.svg
2018.07.20 15:47 B F:\Trabajo\Staminer\maqueta\images\confirmar-01.svg --> www.cocoa.pe /cocoa.pe/staminer/images confirmar-01.svg
2018.07.20 15:47 B F:\Trabajo\Staminer\maqueta\images\ico-ver-mas-01.svg --> www.cocoa.pe /cocoa.pe/staminer/images ico-ver-mas-01.svg
2018.07.20 15:47 B F:\Trabajo\Staminer\maqueta\images\close-ico-blanco-01.svg --> www.cocoa.pe /cocoa.pe/staminer/images close-ico-blanco-01.svg
2018.07.20 15:47 B F:\Trabajo\Staminer\maqueta\images\like-ico-blanco-01.svg --> www.cocoa.pe /cocoa.pe/staminer/images like-ico-blanco-01.svg
2018.07.20 15:47 B F:\Trabajo\Staminer\maqueta\images\blank-square.gif --> www.cocoa.pe /cocoa.pe/staminer/images blank-square.gif
2018.07.20 15:47 B F:\Trabajo\Staminer\maqueta\images\ico-mas-01.svg --> www.cocoa.pe /cocoa.pe/staminer/images ico-mas-01.svg
2018.07.20 15:47 B F:\Trabajo\Staminer\maqueta\images\logo-staminer-gris-01.svg --> www.cocoa.pe /cocoa.pe/staminer/images logo-staminer-gris-01.svg
2018.07.20 15:47 B F:\Trabajo\Staminer\maqueta\images\non-profile.gif --> www.cocoa.pe /cocoa.pe/staminer/images non-profile.gif
2018.07.20 15:47 B F:\Trabajo\Staminer\maqueta\images\contact-form.jpg --> www.cocoa.pe /cocoa.pe/staminer/images contact-form.jpg
2018.07.20 15:47 B F:\Trabajo\Staminer\maqueta\images\manifiesto-contacto.jpg --> www.cocoa.pe /cocoa.pe/staminer/images manifiesto-contacto.jpg
2018.07.20 15:47 B F:\Trabajo\Staminer\maqueta\images\dots-01.svg --> www.cocoa.pe /cocoa.pe/staminer/images dots-01.svg
2018.07.20 15:47 B F:\Trabajo\Staminer\maqueta\images\red-13.jpg --> www.cocoa.pe /cocoa.pe/staminer/images red-13.jpg
2018.07.20 15:47 B F:\Trabajo\Staminer\maqueta\images\mi-red-15.jpg --> www.cocoa.pe /cocoa.pe/staminer/images mi-red-15.jpg
2018.07.20 15:47 B F:\Trabajo\Staminer\maqueta\images\mi-red-14.jpg --> www.cocoa.pe /cocoa.pe/staminer/images mi-red-14.jpg
2018.07.20 15:47 B F:\Trabajo\Staminer\maqueta\images\red-12.jpg --> www.cocoa.pe /cocoa.pe/staminer/images red-12.jpg
2018.07.20 15:47 B F:\Trabajo\Staminer\maqueta\images\red-11.jpg --> www.cocoa.pe /cocoa.pe/staminer/images red-11.jpg
2018.07.20 15:47 B F:\Trabajo\Staminer\maqueta\images\red-9.jpg --> www.cocoa.pe /cocoa.pe/staminer/images red-9.jpg
2018.07.20 15:47 B F:\Trabajo\Staminer\maqueta\images\red-8.jpg --> www.cocoa.pe /cocoa.pe/staminer/images red-8.jpg
2018.07.20 15:47 B F:\Trabajo\Staminer\maqueta\images\red-10.jpg --> www.cocoa.pe /cocoa.pe/staminer/images red-10.jpg
2018.07.20 15:47 B F:\Trabajo\Staminer\maqueta\images\logro-2.svg --> www.cocoa.pe /cocoa.pe/staminer/images logro-2.svg
2018.07.20 15:47 B F:\Trabajo\Staminer\maqueta\images\ufc.jpg --> www.cocoa.pe /cocoa.pe/staminer/images ufc.jpg
2018.07.20 15:47 B F:\Trabajo\Staminer\maqueta\images\red-7.jpg --> www.cocoa.pe /cocoa.pe/staminer/images red-7.jpg
2018.07.20 15:47 B F:\Trabajo\Staminer\maqueta\images\red-6.jpg --> www.cocoa.pe /cocoa.pe/staminer/images red-6.jpg
2018.07.20 15:47 B F:\Trabajo\Staminer\maqueta\images\foto-publicacion-3.jpg --> www.cocoa.pe /cocoa.pe/staminer/images foto-publicacion-3.jpg
2018.07.20 15:47 B F:\Trabajo\Staminer\maqueta\images\red-5.jpg --> www.cocoa.pe /cocoa.pe/staminer/images red-5.jpg
2018.07.20 15:47 B F:\Trabajo\Staminer\maqueta\images\trash-ico-01.svg --> www.cocoa.pe /cocoa.pe/staminer/images trash-ico-01.svg
2018.07.20 15:47 B F:\Trabajo\Staminer\maqueta\images\world-ico2-01.svg --> www.cocoa.pe /cocoa.pe/staminer/images world-ico2-01.svg
2018.07.20 15:47 B F:\Trabajo\Staminer\maqueta\images\voltear-ico-01.svg --> www.cocoa.pe /cocoa.pe/staminer/images voltear-ico-01.svg
2018.07.20 15:47 B F:\Trabajo\Staminer\maqueta\images\prev-arrow-01.svg --> www.cocoa.pe /cocoa.pe/staminer/images prev-arrow-01.svg
2018.07.20 15:47 B F:\Trabajo\Staminer\maqueta\images\next-arrow-01.svg --> www.cocoa.pe /cocoa.pe/staminer/images next-arrow-01.svg
2018.07.20 15:47 B F:\Trabajo\Staminer\maqueta\images\drag-cursor.png --> www.cocoa.pe /cocoa.pe/staminer/images drag-cursor.png
2018.07.20 15:47 B F:\Trabajo\Staminer\maqueta\images\cross-ico-01.svg --> www.cocoa.pe /cocoa.pe/staminer/images cross-ico-01.svg
2018.07.20 15:47 B F:\Trabajo\Staminer\maqueta\images\close-ico-01.svg --> www.cocoa.pe /cocoa.pe/staminer/images close-ico-01.svg
2018.07.20 15:47 B F:\Trabajo\Staminer\maqueta\images\perfil-foto.jpg --> www.cocoa.pe /cocoa.pe/staminer/images perfil-foto.jpg
2018.07.20 15:47 B F:\Trabajo\Staminer\maqueta\images\foto-banner-perfil.jpg --> www.cocoa.pe /cocoa.pe/staminer/images foto-banner-perfil.jpg
2018.07.20 15:47 B F:\Trabajo\Staminer\maqueta\images\portada-shadow.png --> www.cocoa.pe /cocoa.pe/staminer/images portada-shadow.png
2018.07.20 15:47 B F:\Trabajo\Staminer\maqueta\images\logo-staminer-01.svg --> www.cocoa.pe /cocoa.pe/staminer/images logo-staminer-01.svg
2018.07.20 15:47 B F:\Trabajo\Staminer\maqueta\images\rotar-ico-01.svg --> www.cocoa.pe /cocoa.pe/staminer/images rotar-ico-01.svg
2018.07.20 15:47 B F:\Trabajo\Staminer\maqueta\images\logro-01.svg --> www.cocoa.pe /cocoa.pe/staminer/images logro-01.svg
2018.07.20 15:47 B F:\Trabajo\Staminer\maqueta\images\like-ico-01.svg --> www.cocoa.pe /cocoa.pe/staminer/images like-ico-01.svg
2018.07.20 15:47 B F:\Trabajo\Staminer\maqueta\images\comment-ico-01.svg --> www.cocoa.pe /cocoa.pe/staminer/images comment-ico-01.svg
2018.07.20 15:47 B F:\Trabajo\Staminer\maqueta\images\share-01.svg --> www.cocoa.pe /cocoa.pe/staminer/images share-01.svg
2018.07.20 15:47 B F:\Trabajo\Staminer\maqueta\images\sex-m-01.svg --> www.cocoa.pe /cocoa.pe/staminer/images sex-m-01.svg
2018.07.20 15:47 B F:\Trabajo\Staminer\maqueta\images\sex-h-01.svg --> www.cocoa.pe /cocoa.pe/staminer/images sex-h-01.svg
2018.07.20 15:47 B F:\Trabajo\Staminer\maqueta\images\enviar-ico-01.svg --> www.cocoa.pe /cocoa.pe/staminer/images enviar-ico-01.svg
2018.07.20 15:47 B F:\Trabajo\Staminer\maqueta\images\editar-01.svg --> www.cocoa.pe /cocoa.pe/staminer/images editar-01.svg
2018.07.20 15:47 B F:\Trabajo\Staminer\maqueta\images\location-ico-01.svg --> www.cocoa.pe /cocoa.pe/staminer/images location-ico-01.svg
2018.07.20 15:47 B F:\Trabajo\Staminer\maqueta\images\shield-ico-01.svg --> www.cocoa.pe /cocoa.pe/staminer/images shield-ico-01.svg
2018.07.20 15:47 B F:\Trabajo\Staminer\maqueta\images\deporitsta-solicitud.jpg --> www.cocoa.pe /cocoa.pe/staminer/images deporitsta-solicitud.jpg
2018.07.20 15:47 B F:\Trabajo\Staminer\maqueta\images\iniciar-sesion.jpg --> www.cocoa.pe /cocoa.pe/staminer/images iniciar-sesion.jpg
2018.07.20 15:47 B F:\Trabajo\Staminer\maqueta\images\registro.jpg --> www.cocoa.pe /cocoa.pe/staminer/images registro.jpg
2018.07.20 15:47 B F:\Trabajo\Staminer\maqueta\images\foto-logro.jpg --> www.cocoa.pe /cocoa.pe/staminer/images foto-logro.jpg
2018.07.20 15:47 B F:\Trabajo\Staminer\maqueta\images\drop-pin-2-01.svg --> www.cocoa.pe /cocoa.pe/staminer/images drop-pin-2-01.svg
2018.07.20 15:48 B F:\Trabajo\Staminer\maqueta\images\drop-pin.svg --> www.cocoa.pe /cocoa.pe/staminer/images drop-pin.svg
2018.07.20 15:48 B F:\Trabajo\Staminer\maqueta\images\foto-thumb-8.jpg --> www.cocoa.pe /cocoa.pe/staminer/images foto-thumb-8.jpg
2018.07.20 15:48 B F:\Trabajo\Staminer\maqueta\images\foto-thumb-7.jpg --> www.cocoa.pe /cocoa.pe/staminer/images foto-thumb-7.jpg
2018.07.20 15:48 B F:\Trabajo\Staminer\maqueta\images\foto-thumb-6.jpg --> www.cocoa.pe /cocoa.pe/staminer/images foto-thumb-6.jpg
2018.07.20 15:48 B F:\Trabajo\Staminer\maqueta\images\foto-thumb-4.jpg --> www.cocoa.pe /cocoa.pe/staminer/images foto-thumb-4.jpg
2018.07.20 15:48 B F:\Trabajo\Staminer\maqueta\images\foto-thumb-3.jpg --> www.cocoa.pe /cocoa.pe/staminer/images foto-thumb-3.jpg
2018.07.20 15:48 B F:\Trabajo\Staminer\maqueta\images\foto-thumb-2.jpg --> www.cocoa.pe /cocoa.pe/staminer/images foto-thumb-2.jpg
2018.07.20 15:48 B F:\Trabajo\Staminer\maqueta\images\foto-publicacion.jpg --> www.cocoa.pe /cocoa.pe/staminer/images foto-publicacion.jpg
2018.07.20 15:48 B F:\Trabajo\Staminer\maqueta\images\foto-publicacion-2.jpg --> www.cocoa.pe /cocoa.pe/staminer/images foto-publicacion-2.jpg
2018.07.20 15:48 B F:\Trabajo\Staminer\maqueta\images\foto-logro-hz.jpg --> www.cocoa.pe /cocoa.pe/staminer/images foto-logro-hz.jpg
2018.07.20 15:48 B F:\Trabajo\Staminer\maqueta\images\plus-ico-01.svg --> www.cocoa.pe /cocoa.pe/staminer/images plus-ico-01.svg
2018.07.20 15:48 B F:\Trabajo\Staminer\maqueta\images\check-ico-01.svg --> www.cocoa.pe /cocoa.pe/staminer/images check-ico-01.svg
2018.07.20 15:48 B F:\Trabajo\Staminer\maqueta\images\entreamiento-ico-01.svg --> www.cocoa.pe /cocoa.pe/staminer/images entreamiento-ico-01.svg
2018.07.20 15:48 B F:\Trabajo\Staminer\maqueta\images\mencionar-ico-01.svg --> www.cocoa.pe /cocoa.pe/staminer/images mencionar-ico-01.svg
2018.07.20 15:48 B F:\Trabajo\Staminer\maqueta\images\success-01.svg --> www.cocoa.pe /cocoa.pe/staminer/images success-01.svg
2018.07.20 15:48 B F:\Trabajo\Staminer\maqueta\images\view-ico-01.svg --> www.cocoa.pe /cocoa.pe/staminer/images view-ico-01.svg
2018.07.20 15:48 B F:\Trabajo\Staminer\maqueta\images\escribir-ico-01.svg --> www.cocoa.pe /cocoa.pe/staminer/images escribir-ico-01.svg
2018.07.20 15:48 B F:\Trabajo\Staminer\maqueta\images\twitter-01.svg --> www.cocoa.pe /cocoa.pe/staminer/images twitter-01.svg
2018.07.20 15:48 B F:\Trabajo\Staminer\maqueta\images\instagram-01.svg --> www.cocoa.pe /cocoa.pe/staminer/images instagram-01.svg
2018.07.20 15:48 B F:\Trabajo\Staminer\maqueta\images\facebook-01.svg --> www.cocoa.pe /cocoa.pe/staminer/images facebook-01.svg
2018.07.20 15:48 B F:\Trabajo\Staminer\maqueta\images\red-4.jpg --> www.cocoa.pe /cocoa.pe/staminer/images red-4.jpg
2018.07.20 15:48 B F:\Trabajo\Staminer\maqueta\images\red-2.jpg --> www.cocoa.pe /cocoa.pe/staminer/images red-2.jpg
2018.07.20 15:48 B F:\Trabajo\Staminer\maqueta\images\red-3.jpg --> www.cocoa.pe /cocoa.pe/staminer/images red-3.jpg
2018.07.20 15:48 B F:\Trabajo\Staminer\maqueta\images\red-1.jpg --> www.cocoa.pe /cocoa.pe/staminer/images red-1.jpg
2018.07.20 15:48 B F:\Trabajo\Staminer\maqueta\images\foto-thumb-5.jpg --> www.cocoa.pe /cocoa.pe/staminer/images foto-thumb-5.jpg
2018.07.20 15:48 B F:\Trabajo\Staminer\maqueta\images\y.png --> www.cocoa.pe /cocoa.pe/staminer/images y.png
2018.07.20 15:48 B F:\Trabajo\Staminer\maqueta\images\toyota.png --> www.cocoa.pe /cocoa.pe/staminer/images toyota.png
2018.07.20 15:48 B F:\Trabajo\Staminer\maqueta\images\sonax.png --> www.cocoa.pe /cocoa.pe/staminer/images sonax.png
2018.07.20 15:48 B F:\Trabajo\Staminer\maqueta\images\monster.png --> www.cocoa.pe /cocoa.pe/staminer/images monster.png
2018.07.20 15:48 B F:\Trabajo\Staminer\maqueta\images\foto-thumb-1.jpg --> www.cocoa.pe /cocoa.pe/staminer/images foto-thumb-1.jpg
2018.07.20 15:48 B F:\Trabajo\Staminer\maqueta\images\banner-sesion.jpg --> www.cocoa.pe /cocoa.pe/staminer/images banner-sesion.jpg
2018.07.20 15:48 B F:\Trabajo\Staminer\maqueta\images\scroll-btn-01.svg --> www.cocoa.pe /cocoa.pe/staminer/images scroll-btn-01.svg
2018.07.20 15:48 B F:\Trabajo\Staminer\maqueta\images\play-btn-01.svg --> www.cocoa.pe /cocoa.pe/staminer/images play-btn-01.svg
2018.07.20 15:48 B F:\Trabajo\Staminer\maqueta\images\bg-banner.jpg --> www.cocoa.pe /cocoa.pe/staminer/images bg-banner.jpg
