2018.07.04 18:21 B F:\Trabajo\Staminer\maqueta\images\fotos-cv\foto-grande.jpg --> ftp.staminer.com /beta2/images/fotos-cv foto-grande.jpg
2018.07.04 18:21 B F:\Trabajo\Staminer\maqueta\images\fotos-cv\foto9.jpg --> ftp.staminer.com /beta2/images/fotos-cv foto9.jpg
2018.07.04 18:21 B F:\Trabajo\Staminer\maqueta\images\fotos-cv\foto8.jpg --> ftp.staminer.com /beta2/images/fotos-cv foto8.jpg
2018.07.04 18:21 B F:\Trabajo\Staminer\maqueta\images\fotos-cv\foto7.jpg --> ftp.staminer.com /beta2/images/fotos-cv foto7.jpg
2018.07.04 18:21 B F:\Trabajo\Staminer\maqueta\images\fotos-cv\foto6.jpg --> ftp.staminer.com /beta2/images/fotos-cv foto6.jpg
2018.07.04 18:21 B F:\Trabajo\Staminer\maqueta\images\fotos-cv\foto11.jpg --> ftp.staminer.com /beta2/images/fotos-cv foto11.jpg
2018.07.04 18:21 B F:\Trabajo\Staminer\maqueta\images\fotos-cv\foto10.jpg --> ftp.staminer.com /beta2/images/fotos-cv foto10.jpg
2018.07.04 18:21 B F:\Trabajo\Staminer\maqueta\images\fotos-cv\foto5.jpg --> ftp.staminer.com /beta2/images/fotos-cv foto5.jpg
2018.07.04 18:21 B F:\Trabajo\Staminer\maqueta\images\fotos-cv\foto4.jpg --> ftp.staminer.com /beta2/images/fotos-cv foto4.jpg
2018.07.04 18:21 B F:\Trabajo\Staminer\maqueta\images\fotos-cv\foto3.jpg --> ftp.staminer.com /beta2/images/fotos-cv foto3.jpg
2018.07.04 18:21 B F:\Trabajo\Staminer\maqueta\images\fotos-cv\foto2.jpg --> ftp.staminer.com /beta2/images/fotos-cv foto2.jpg
2018.07.04 18:21 B F:\Trabajo\Staminer\maqueta\images\fotos-cv\foto1.jpg --> ftp.staminer.com /beta2/images/fotos-cv foto1.jpg
2018.07.16 13:23 B F:\Trabajo\Staminer\maqueta\images\fotos-cv\WS_FTP.LOG --> www.cocoa.pe /cocoa.pe/staminer/images/fotos-cv WS_FTP.LOG
2018.07.16 13:23 B F:\Trabajo\Staminer\maqueta\images\fotos-cv\foto-grande.jpg --> www.cocoa.pe /cocoa.pe/staminer/images/fotos-cv foto-grande.jpg
2018.07.16 13:23 B F:\Trabajo\Staminer\maqueta\images\fotos-cv\foto9.jpg --> www.cocoa.pe /cocoa.pe/staminer/images/fotos-cv foto9.jpg
2018.07.16 13:23 B F:\Trabajo\Staminer\maqueta\images\fotos-cv\foto8.jpg --> www.cocoa.pe /cocoa.pe/staminer/images/fotos-cv foto8.jpg
2018.07.16 13:23 B F:\Trabajo\Staminer\maqueta\images\fotos-cv\foto7.jpg --> www.cocoa.pe /cocoa.pe/staminer/images/fotos-cv foto7.jpg
2018.07.16 13:23 B F:\Trabajo\Staminer\maqueta\images\fotos-cv\foto6.jpg --> www.cocoa.pe /cocoa.pe/staminer/images/fotos-cv foto6.jpg
2018.07.16 13:23 B F:\Trabajo\Staminer\maqueta\images\fotos-cv\foto11.jpg --> www.cocoa.pe /cocoa.pe/staminer/images/fotos-cv foto11.jpg
2018.07.16 13:23 B F:\Trabajo\Staminer\maqueta\images\fotos-cv\foto10.jpg --> www.cocoa.pe /cocoa.pe/staminer/images/fotos-cv foto10.jpg
2018.07.16 13:23 B F:\Trabajo\Staminer\maqueta\images\fotos-cv\foto5.jpg --> www.cocoa.pe /cocoa.pe/staminer/images/fotos-cv foto5.jpg
2018.07.16 13:23 B F:\Trabajo\Staminer\maqueta\images\fotos-cv\foto4.jpg --> www.cocoa.pe /cocoa.pe/staminer/images/fotos-cv foto4.jpg
2018.07.16 13:23 B F:\Trabajo\Staminer\maqueta\images\fotos-cv\foto3.jpg --> www.cocoa.pe /cocoa.pe/staminer/images/fotos-cv foto3.jpg
2018.07.16 13:24 B F:\Trabajo\Staminer\maqueta\images\fotos-cv\foto2.jpg --> www.cocoa.pe /cocoa.pe/staminer/images/fotos-cv foto2.jpg
2018.07.16 13:24 B F:\Trabajo\Staminer\maqueta\images\fotos-cv\foto1.jpg --> www.cocoa.pe /cocoa.pe/staminer/images/fotos-cv foto1.jpg
